{"/home/morten/Workspace/Js/ColorInterpreter/index.js":{"path":"/home/morten/Workspace/Js/ColorInterpreter/index.js","s":{"1":1,"2":0,"3":0,"4":0,"5":0,"6":0,"7":0,"8":0,"9":0,"10":25,"11":63,"12":6,"13":63,"14":12,"15":63,"16":19,"17":44,"18":21,"19":23,"20":2,"21":21,"22":25,"23":3,"24":22,"25":25,"26":13,"27":25,"28":4,"29":4,"30":2,"31":2,"32":2,"33":2,"34":25,"35":25,"36":4,"37":21,"38":21,"39":21,"40":21,"41":21,"42":25,"43":17,"44":17,"45":9,"46":17,"47":35,"48":1,"49":100,"50":100,"51":19,"52":81,"53":81,"54":81,"55":81,"56":81,"57":1,"58":0,"59":1,"60":1,"61":80,"62":24,"63":24,"64":8,"65":8,"66":2,"67":2,"68":7,"69":7,"70":6,"71":1,"72":1,"73":79,"74":150,"75":150,"76":150,"77":77,"78":77,"79":77,"80":77,"81":77,"82":77,"83":1,"84":1,"85":76,"86":1,"87":1,"88":75,"89":1,"90":1,"91":74,"92":1,"93":1,"94":73,"95":75,"96":2,"97":2,"98":1,"99":4,"100":4,"101":49,"102":49,"103":9,"104":9,"105":53,"106":53,"107":47,"108":47,"109":45,"110":45,"111":43,"112":43,"113":126,"114":126,"115":46,"116":46,"117":10,"118":10,"119":9,"120":1,"121":1,"122":1,"123":1,"124":1,"125":1,"126":6,"127":9,"128":9,"129":1,"130":2,"131":2,"132":2,"133":2,"134":6,"135":5,"136":5,"137":2,"138":5,"139":4,"140":1,"141":1,"142":1,"143":1,"144":1,"145":34,"146":2,"147":2,"148":2,"149":2,"150":1,"151":2,"152":1,"153":1,"154":2,"155":2,"156":1,"157":1,"158":2,"159":1,"160":1,"161":2,"162":1,"163":1,"164":2,"165":1,"166":1,"167":0,"168":0,"169":0,"170":0,"171":0,"172":0,"173":0,"174":0,"175":0,"176":0,"177":0,"178":0,"179":0,"180":0,"181":0,"182":0,"183":0,"184":0,"185":0,"186":0,"187":0,"188":0,"189":0,"190":0,"191":0,"192":0,"193":0,"194":0,"195":0,"196":0,"197":0,"198":0,"199":0,"200":0,"201":1,"202":3,"203":3,"204":1,"205":2,"206":1,"207":2,"208":1,"209":1,"210":1,"211":1,"212":1,"213":1,"214":1,"215":1,"216":1,"217":1,"218":1,"219":1,"220":1,"221":10,"222":10,"223":10,"224":10,"225":1,"226":1,"227":0,"228":1,"229":1,"230":1,"231":1,"232":1,"233":1,"234":22,"235":1,"236":329,"237":1,"238":1,"239":1,"240":0,"241":0,"242":1,"243":90,"244":90,"245":0,"246":1,"247":25,"248":25,"249":3,"250":25,"251":2,"252":25,"253":0,"254":1,"255":424,"256":1,"257":689,"258":1,"259":92,"260":92,"261":1,"262":91,"263":91,"264":91,"265":52,"266":52,"267":1,"268":1,"269":38,"270":38,"271":91,"272":92},"b":{"1":[1,0],"2":[0,0],"3":[0,0],"4":[0,0],"5":[0,0],"6":[0,0],"7":[6,57],"8":[12,51],"9":[19,44],"10":[21,23],"11":[2,21],"12":[3,22],"13":[13,12],"14":[4,2,2],"15":[4,21],"16":[12,9],"17":[11,6],"18":[11,6],"19":[11,6],"20":[3,14],"21":[9,8],"22":[19,81],"23":[81,66],"24":[1,80],"25":[0,1],"26":[24,56],"27":[8,2,7,6,1],"28":[77,73],"29":[1,76],"30":[77,77,77],"31":[1,75],"32":[76,76,76],"33":[1,74],"34":[75,75,75],"35":[1,73],"36":[74,74,74],"37":[2,73],"38":[43,0],"39":[9,34],"40":[9,1],"41":[1,1,1,6],"42":[9,0],"43":[2,0],"44":[2,3],"45":[4,1],"46":[1,1],"47":[1,1],"48":[1,1],"49":[1,1],"50":[1,1],"51":[0,0],"52":[0,0],"53":[1,2],"54":[1,1],"55":[1,1],"56":[10,0],"57":[1,0],"58":[1,0],"59":[329,329],"60":[1,0],"61":[0,0,0],"62":[90,0],"63":[90,90],"64":[90,80],"65":[25,0],"66":[70,354],"67":[1,91],"68":[19,72],"69":[52,1,38],"70":[0,52]},"f":{"1":0,"2":0,"3":25,"4":63,"5":17,"6":35,"7":100,"8":4,"9":49,"10":9,"11":53,"12":47,"13":45,"14":43,"15":126,"16":46,"17":10,"18":2,"19":6,"20":5,"21":1,"22":1,"23":1,"24":1,"25":34,"26":2,"27":2,"28":2,"29":0,"30":3,"31":10,"32":22,"33":329,"34":1,"35":0,"36":90,"37":25,"38":424,"39":689,"40":92},"fnMap":{"1":{"name":"(anonymous_1)","line":48,"loc":{"start":{"line":48,"column":39},"end":{"line":48,"column":51}}},"2":{"name":"(anonymous_2)","line":216,"loc":{"start":{"line":216,"column":22},"end":{"line":216,"column":42}}},"3":{"name":"(anonymous_3)","line":364,"loc":{"start":{"line":364,"column":22},"end":{"line":364,"column":39}}},"4":{"name":"(anonymous_4)","line":369,"loc":{"start":{"line":369,"column":30},"end":{"line":369,"column":52}}},"5":{"name":"(anonymous_5)","line":442,"loc":{"start":{"line":442,"column":22},"end":{"line":442,"column":39}}},"6":{"name":"(anonymous_6)","line":466,"loc":{"start":{"line":466,"column":22},"end":{"line":466,"column":39}}},"7":{"name":"Color","line":510,"loc":{"start":{"line":510,"column":0},"end":{"line":510,"column":34}}},"8":{"name":"(anonymous_8)","line":652,"loc":{"start":{"line":652,"column":12},"end":{"line":652,"column":24}}},"9":{"name":"(anonymous_9)","line":663,"loc":{"start":{"line":663,"column":22},"end":{"line":663,"column":34}}},"10":{"name":"(anonymous_10)","line":676,"loc":{"start":{"line":676,"column":13},"end":{"line":676,"column":25}}},"11":{"name":"(anonymous_11)","line":687,"loc":{"start":{"line":687,"column":23},"end":{"line":687,"column":35}}},"12":{"name":"(anonymous_12)","line":701,"loc":{"start":{"line":701,"column":12},"end":{"line":701,"column":24}}},"13":{"name":"(anonymous_13)","line":716,"loc":{"start":{"line":716,"column":13},"end":{"line":716,"column":25}}},"14":{"name":"(anonymous_14)","line":732,"loc":{"start":{"line":732,"column":16},"end":{"line":732,"column":28}}},"15":{"name":"(anonymous_15)","line":745,"loc":{"start":{"line":745,"column":12},"end":{"line":745,"column":24}}},"16":{"name":"(anonymous_16)","line":758,"loc":{"start":{"line":758,"column":13},"end":{"line":758,"column":25}}},"17":{"name":"(anonymous_17)","line":786,"loc":{"start":{"line":786,"column":15},"end":{"line":786,"column":34}}},"18":{"name":"(anonymous_18)","line":819,"loc":{"start":{"line":819,"column":15},"end":{"line":819,"column":34}}},"19":{"name":"(anonymous_19)","line":833,"loc":{"start":{"line":833,"column":14},"end":{"line":833,"column":26}}},"20":{"name":"(anonymous_20)","line":844,"loc":{"start":{"line":844,"column":13},"end":{"line":844,"column":31}}},"21":{"name":"(anonymous_21)","line":864,"loc":{"start":{"line":864,"column":12},"end":{"line":864,"column":24}}},"22":{"name":"(anonymous_22)","line":873,"loc":{"start":{"line":873,"column":10},"end":{"line":873,"column":22}}},"23":{"name":"(anonymous_23)","line":882,"loc":{"start":{"line":882,"column":12},"end":{"line":882,"column":24}}},"24":{"name":"(anonymous_24)","line":891,"loc":{"start":{"line":891,"column":11},"end":{"line":891,"column":23}}},"25":{"name":"(anonymous_25)","line":900,"loc":{"start":{"line":900,"column":12},"end":{"line":900,"column":24}}},"26":{"name":"(anonymous_26)","line":910,"loc":{"start":{"line":910,"column":17},"end":{"line":910,"column":29}}},"27":{"name":"(anonymous_27)","line":924,"loc":{"start":{"line":924,"column":17},"end":{"line":924,"column":35}}},"28":{"name":"(anonymous_28)","line":947,"loc":{"start":{"line":947,"column":16},"end":{"line":947,"column":28}}},"29":{"name":"(anonymous_29)","line":1001,"loc":{"start":{"line":1001,"column":26},"end":{"line":1001,"column":45}}},"30":{"name":"(anonymous_30)","line":1078,"loc":{"start":{"line":1078,"column":19},"end":{"line":1078,"column":44}}},"31":{"name":"ColorError","line":1188,"loc":{"start":{"line":1188,"column":0},"end":{"line":1188,"column":30}}},"32":{"name":"isString","line":1223,"loc":{"start":{"line":1223,"column":0},"end":{"line":1223,"column":25}}},"33":{"name":"isNumber","line":1234,"loc":{"start":{"line":1234,"column":0},"end":{"line":1234,"column":25}}},"34":{"name":"isElement","line":1245,"loc":{"start":{"line":1245,"column":0},"end":{"line":1245,"column":26}}},"35":{"name":"isObject","line":1256,"loc":{"start":{"line":1256,"column":0},"end":{"line":1256,"column":25}}},"36":{"name":"isFunction","line":1268,"loc":{"start":{"line":1268,"column":0},"end":{"line":1268,"column":27}}},"37":{"name":"to360Degrees","line":1282,"loc":{"start":{"line":1282,"column":0},"end":{"line":1282,"column":28}}},"38":{"name":"zeroPad2","line":1305,"loc":{"start":{"line":1305,"column":0},"end":{"line":1305,"column":24}}},"39":{"name":"toFixed","line":1318,"loc":{"start":{"line":1318,"column":0},"end":{"line":1318,"column":34}}},"40":{"name":"rgb2hsl","line":1332,"loc":{"start":{"line":1332,"column":0},"end":{"line":1332,"column":30}}}},"statementMap":{"1":{"start":{"line":42,"column":0},"end":{"line":475,"column":6}},"2":{"start":{"line":49,"column":8},"end":{"line":49,"column":70}},"3":{"start":{"line":217,"column":12},"end":{"line":218,"column":72}},"4":{"start":{"line":220,"column":12},"end":{"line":227,"column":13}},"5":{"start":{"line":221,"column":16},"end":{"line":222,"column":55}},"6":{"start":{"line":223,"column":19},"end":{"line":227,"column":13}},"7":{"start":{"line":224,"column":16},"end":{"line":224,"column":55}},"8":{"start":{"line":226,"column":16},"end":{"line":226,"column":45}},"9":{"start":{"line":229,"column":12},"end":{"line":229,"column":63}},"10":{"start":{"line":365,"column":16},"end":{"line":391,"column":22}},"11":{"start":{"line":370,"column":24},"end":{"line":372,"column":25}},"12":{"start":{"line":371,"column":28},"end":{"line":371,"column":36}},"13":{"start":{"line":374,"column":24},"end":{"line":376,"column":25}},"14":{"start":{"line":375,"column":28},"end":{"line":375,"column":36}},"15":{"start":{"line":378,"column":24},"end":{"line":380,"column":25}},"16":{"start":{"line":379,"column":28},"end":{"line":379,"column":59}},"17":{"start":{"line":382,"column":24},"end":{"line":384,"column":25}},"18":{"start":{"line":383,"column":28},"end":{"line":383,"column":38}},"19":{"start":{"line":386,"column":24},"end":{"line":388,"column":25}},"20":{"start":{"line":387,"column":28},"end":{"line":387,"column":67}},"21":{"start":{"line":390,"column":24},"end":{"line":390,"column":34}},"22":{"start":{"line":393,"column":16},"end":{"line":397,"column":17}},"23":{"start":{"line":394,"column":20},"end":{"line":394,"column":49}},"24":{"start":{"line":396,"column":20},"end":{"line":396,"column":45}},"25":{"start":{"line":399,"column":16},"end":{"line":401,"column":17}},"26":{"start":{"line":400,"column":20},"end":{"line":400,"column":26}},"27":{"start":{"line":404,"column":16},"end":{"line":414,"column":17}},"28":{"start":{"line":406,"column":20},"end":{"line":406,"column":37}},"29":{"start":{"line":407,"column":20},"end":{"line":407,"column":26}},"30":{"start":{"line":409,"column":20},"end":{"line":409,"column":30}},"31":{"start":{"line":410,"column":20},"end":{"line":410,"column":26}},"32":{"start":{"line":412,"column":20},"end":{"line":412,"column":29}},"33":{"start":{"line":413,"column":20},"end":{"line":413,"column":26}},"34":{"start":{"line":415,"column":16},"end":{"line":415,"column":40}},"35":{"start":{"line":417,"column":16},"end":{"line":425,"column":17}},"36":{"start":{"line":418,"column":20},"end":{"line":418,"column":34}},"37":{"start":{"line":420,"column":20},"end":{"line":420,"column":62}},"38":{"start":{"line":421,"column":20},"end":{"line":421,"column":34}},"39":{"start":{"line":422,"column":20},"end":{"line":422,"column":47}},"40":{"start":{"line":423,"column":20},"end":{"line":423,"column":41}},"41":{"start":{"line":424,"column":20},"end":{"line":424,"column":47}},"42":{"start":{"line":426,"column":16},"end":{"line":431,"column":18}},"43":{"start":{"line":443,"column":16},"end":{"line":452,"column":18}},"44":{"start":{"line":454,"column":16},"end":{"line":456,"column":17}},"45":{"start":{"line":455,"column":20},"end":{"line":455,"column":29}},"46":{"start":{"line":458,"column":16},"end":{"line":458,"column":25}},"47":{"start":{"line":467,"column":16},"end":{"line":472,"column":18}},"48":{"start":{"line":510,"column":0},"end":{"line":644,"column":1}},"49":{"start":{"line":511,"column":4},"end":{"line":511,"column":45}},"50":{"start":{"line":513,"column":4},"end":{"line":515,"column":5}},"51":{"start":{"line":514,"column":8},"end":{"line":514,"column":43}},"52":{"start":{"line":524,"column":4},"end":{"line":524,"column":19}},"53":{"start":{"line":533,"column":4},"end":{"line":533,"column":22}},"54":{"start":{"line":536,"column":4},"end":{"line":536,"column":56}},"55":{"start":{"line":539,"column":4},"end":{"line":539,"column":47}},"56":{"start":{"line":542,"column":4},"end":{"line":551,"column":5}},"57":{"start":{"line":543,"column":8},"end":{"line":550,"column":9}},"58":{"start":{"line":544,"column":12},"end":{"line":544,"column":49}},"59":{"start":{"line":546,"column":12},"end":{"line":546,"column":31}},"60":{"start":{"line":547,"column":12},"end":{"line":549,"column":14}},"61":{"start":{"line":554,"column":4},"end":{"line":578,"column":5}},"62":{"start":{"line":556,"column":8},"end":{"line":556,"column":37}},"63":{"start":{"line":557,"column":8},"end":{"line":577,"column":9}},"64":{"start":{"line":559,"column":12},"end":{"line":561,"column":64}},"65":{"start":{"line":562,"column":12},"end":{"line":562,"column":18}},"66":{"start":{"line":564,"column":12},"end":{"line":567,"column":57}},"67":{"start":{"line":568,"column":12},"end":{"line":568,"column":18}},"68":{"start":{"line":570,"column":12},"end":{"line":570,"column":27}},"69":{"start":{"line":571,"column":12},"end":{"line":571,"column":18}},"70":{"start":{"line":573,"column":12},"end":{"line":573,"column":18}},"71":{"start":{"line":575,"column":12},"end":{"line":575,"column":31}},"72":{"start":{"line":576,"column":12},"end":{"line":576,"column":62}},"73":{"start":{"line":581,"column":4},"end":{"line":638,"column":5}},"74":{"start":{"line":582,"column":8},"end":{"line":582,"column":28}},"75":{"start":{"line":583,"column":8},"end":{"line":583,"column":44}},"76":{"start":{"line":585,"column":8},"end":{"line":637,"column":9}},"77":{"start":{"line":586,"column":12},"end":{"line":586,"column":42}},"78":{"start":{"line":593,"column":12},"end":{"line":593,"column":31}},"79":{"start":{"line":600,"column":12},"end":{"line":600,"column":31}},"80":{"start":{"line":607,"column":12},"end":{"line":607,"column":31}},"81":{"start":{"line":614,"column":12},"end":{"line":614,"column":31}},"82":{"start":{"line":616,"column":12},"end":{"line":619,"column":13}},"83":{"start":{"line":617,"column":16},"end":{"line":617,"column":35}},"84":{"start":{"line":618,"column":16},"end":{"line":618,"column":70}},"85":{"start":{"line":621,"column":12},"end":{"line":624,"column":13}},"86":{"start":{"line":622,"column":16},"end":{"line":622,"column":35}},"87":{"start":{"line":623,"column":16},"end":{"line":623,"column":72}},"88":{"start":{"line":626,"column":12},"end":{"line":629,"column":13}},"89":{"start":{"line":627,"column":16},"end":{"line":627,"column":35}},"90":{"start":{"line":628,"column":16},"end":{"line":628,"column":71}},"91":{"start":{"line":631,"column":12},"end":{"line":634,"column":13}},"92":{"start":{"line":632,"column":16},"end":{"line":632,"column":35}},"93":{"start":{"line":633,"column":16},"end":{"line":633,"column":72}},"94":{"start":{"line":636,"column":12},"end":{"line":636,"column":18}},"95":{"start":{"line":640,"column":4},"end":{"line":643,"column":5}},"96":{"start":{"line":641,"column":8},"end":{"line":641,"column":27}},"97":{"start":{"line":642,"column":8},"end":{"line":642,"column":71}},"98":{"start":{"line":646,"column":0},"end":{"line":973,"column":2}},"99":{"start":{"line":653,"column":8},"end":{"line":653,"column":24}},"100":{"start":{"line":654,"column":8},"end":{"line":655,"column":32}},"101":{"start":{"line":664,"column":8},"end":{"line":664,"column":24}},"102":{"start":{"line":665,"column":8},"end":{"line":668,"column":55}},"103":{"start":{"line":677,"column":8},"end":{"line":677,"column":24}},"104":{"start":{"line":678,"column":8},"end":{"line":679,"column":70}},"105":{"start":{"line":688,"column":8},"end":{"line":688,"column":24}},"106":{"start":{"line":689,"column":8},"end":{"line":693,"column":48}},"107":{"start":{"line":702,"column":8},"end":{"line":703,"column":51}},"108":{"start":{"line":705,"column":8},"end":{"line":708,"column":50}},"109":{"start":{"line":717,"column":8},"end":{"line":718,"column":51}},"110":{"start":{"line":719,"column":8},"end":{"line":723,"column":48}},"111":{"start":{"line":733,"column":8},"end":{"line":733,"column":24}},"112":{"start":{"line":734,"column":8},"end":{"line":737,"column":16}},"113":{"start":{"line":746,"column":8},"end":{"line":746,"column":24}},"114":{"start":{"line":748,"column":8},"end":{"line":750,"column":74}},"115":{"start":{"line":759,"column":8},"end":{"line":760,"column":64}},"116":{"start":{"line":762,"column":8},"end":{"line":762,"column":48}},"117":{"start":{"line":787,"column":8},"end":{"line":787,"column":30}},"118":{"start":{"line":789,"column":8},"end":{"line":807,"column":9}},"119":{"start":{"line":790,"column":12},"end":{"line":802,"column":13}},"120":{"start":{"line":792,"column":16},"end":{"line":792,"column":44}},"121":{"start":{"line":793,"column":16},"end":{"line":793,"column":22}},"122":{"start":{"line":795,"column":16},"end":{"line":795,"column":45}},"123":{"start":{"line":796,"column":16},"end":{"line":796,"column":22}},"124":{"start":{"line":798,"column":16},"end":{"line":798,"column":38}},"125":{"start":{"line":799,"column":16},"end":{"line":799,"column":22}},"126":{"start":{"line":801,"column":16},"end":{"line":801,"column":58}},"127":{"start":{"line":804,"column":12},"end":{"line":806,"column":13}},"128":{"start":{"line":805,"column":16},"end":{"line":805,"column":39}},"129":{"start":{"line":809,"column":8},"end":{"line":809,"column":28}},"130":{"start":{"line":820,"column":8},"end":{"line":820,"column":24}},"131":{"start":{"line":821,"column":8},"end":{"line":823,"column":9}},"132":{"start":{"line":822,"column":12},"end":{"line":822,"column":47}},"133":{"start":{"line":824,"column":8},"end":{"line":824,"column":20}},"134":{"start":{"line":834,"column":8},"end":{"line":834,"column":26}},"135":{"start":{"line":845,"column":8},"end":{"line":845,"column":27}},"136":{"start":{"line":847,"column":8},"end":{"line":849,"column":9}},"137":{"start":{"line":848,"column":12},"end":{"line":848,"column":37}},"138":{"start":{"line":851,"column":8},"end":{"line":853,"column":9}},"139":{"start":{"line":852,"column":12},"end":{"line":852,"column":52}},"140":{"start":{"line":855,"column":8},"end":{"line":855,"column":21}},"141":{"start":{"line":865,"column":8},"end":{"line":865,"column":50}},"142":{"start":{"line":874,"column":8},"end":{"line":874,"column":22}},"143":{"start":{"line":883,"column":8},"end":{"line":883,"column":22}},"144":{"start":{"line":892,"column":8},"end":{"line":892,"column":22}},"145":{"start":{"line":901,"column":8},"end":{"line":901,"column":22}},"146":{"start":{"line":911,"column":8},"end":{"line":911,"column":24}},"147":{"start":{"line":912,"column":8},"end":{"line":912,"column":67}},"148":{"start":{"line":925,"column":8},"end":{"line":926,"column":25}},"149":{"start":{"line":928,"column":8},"end":{"line":930,"column":9}},"150":{"start":{"line":929,"column":12},"end":{"line":929,"column":37}},"151":{"start":{"line":932,"column":8},"end":{"line":936,"column":9}},"152":{"start":{"line":933,"column":12},"end":{"line":935,"column":65}},"153":{"start":{"line":938,"column":8},"end":{"line":938,"column":18}},"154":{"start":{"line":948,"column":8},"end":{"line":951,"column":30}},"155":{"start":{"line":953,"column":8},"end":{"line":957,"column":9}},"156":{"start":{"line":954,"column":12},"end":{"line":954,"column":26}},"157":{"start":{"line":956,"column":12},"end":{"line":956,"column":48}},"158":{"start":{"line":959,"column":8},"end":{"line":963,"column":9}},"159":{"start":{"line":960,"column":12},"end":{"line":960,"column":26}},"160":{"start":{"line":962,"column":12},"end":{"line":962,"column":48}},"161":{"start":{"line":965,"column":8},"end":{"line":969,"column":9}},"162":{"start":{"line":966,"column":12},"end":{"line":966,"column":26}},"163":{"start":{"line":968,"column":12},"end":{"line":968,"column":48}},"164":{"start":{"line":971,"column":8},"end":{"line":971,"column":58}},"165":{"start":{"line":974,"column":0},"end":{"line":974,"column":36}},"166":{"start":{"line":1001,"column":0},"end":{"line":1066,"column":2}},"167":{"start":{"line":1002,"column":4},"end":{"line":1002,"column":44}},"168":{"start":{"line":1004,"column":4},"end":{"line":1061,"column":5}},"169":{"start":{"line":1005,"column":8},"end":{"line":1005,"column":31}},"170":{"start":{"line":1006,"column":8},"end":{"line":1006,"column":58}},"171":{"start":{"line":1009,"column":8},"end":{"line":1009,"column":47}},"172":{"start":{"line":1010,"column":8},"end":{"line":1010,"column":64}},"173":{"start":{"line":1013,"column":8},"end":{"line":1013,"column":50}},"174":{"start":{"line":1014,"column":8},"end":{"line":1014,"column":65}},"175":{"start":{"line":1017,"column":8},"end":{"line":1017,"column":49}},"176":{"start":{"line":1018,"column":8},"end":{"line":1018,"column":64}},"177":{"start":{"line":1021,"column":8},"end":{"line":1021,"column":52}},"178":{"start":{"line":1022,"column":8},"end":{"line":1022,"column":65}},"179":{"start":{"line":1025,"column":8},"end":{"line":1025,"column":42}},"180":{"start":{"line":1026,"column":8},"end":{"line":1035,"column":9}},"181":{"start":{"line":1027,"column":12},"end":{"line":1027,"column":65}},"182":{"start":{"line":1029,"column":12},"end":{"line":1029,"column":50}},"183":{"start":{"line":1030,"column":12},"end":{"line":1034,"column":13}},"184":{"start":{"line":1031,"column":16},"end":{"line":1031,"column":69}},"185":{"start":{"line":1033,"column":16},"end":{"line":1033,"column":38}},"186":{"start":{"line":1038,"column":8},"end":{"line":1038,"column":44}},"187":{"start":{"line":1039,"column":8},"end":{"line":1043,"column":9}},"188":{"start":{"line":1040,"column":12},"end":{"line":1040,"column":72}},"189":{"start":{"line":1042,"column":12},"end":{"line":1042,"column":33}},"190":{"start":{"line":1046,"column":8},"end":{"line":1046,"column":40}},"191":{"start":{"line":1047,"column":8},"end":{"line":1047,"column":64}},"192":{"start":{"line":1048,"column":8},"end":{"line":1048,"column":41}},"193":{"start":{"line":1049,"column":8},"end":{"line":1049,"column":65}},"194":{"start":{"line":1050,"column":8},"end":{"line":1050,"column":40}},"195":{"start":{"line":1051,"column":8},"end":{"line":1051,"column":64}},"196":{"start":{"line":1052,"column":8},"end":{"line":1052,"column":50}},"197":{"start":{"line":1053,"column":8},"end":{"line":1053,"column":74}},"198":{"start":{"line":1055,"column":8},"end":{"line":1060,"column":10}},"199":{"start":{"line":1063,"column":4},"end":{"line":1063,"column":44}},"200":{"start":{"line":1065,"column":4},"end":{"line":1065,"column":48}},"201":{"start":{"line":1078,"column":0},"end":{"line":1097,"column":2}},"202":{"start":{"line":1079,"column":4},"end":{"line":1079,"column":23}},"203":{"start":{"line":1081,"column":4},"end":{"line":1083,"column":5}},"204":{"start":{"line":1082,"column":8},"end":{"line":1082,"column":68}},"205":{"start":{"line":1085,"column":4},"end":{"line":1087,"column":5}},"206":{"start":{"line":1086,"column":8},"end":{"line":1086,"column":33}},"207":{"start":{"line":1089,"column":4},"end":{"line":1091,"column":5}},"208":{"start":{"line":1090,"column":8},"end":{"line":1090,"column":74}},"209":{"start":{"line":1093,"column":4},"end":{"line":1093,"column":58}},"210":{"start":{"line":1094,"column":4},"end":{"line":1094,"column":58}},"211":{"start":{"line":1096,"column":4},"end":{"line":1096,"column":16}},"212":{"start":{"line":1106,"column":0},"end":{"line":1106,"column":23}},"213":{"start":{"line":1115,"column":0},"end":{"line":1115,"column":24}},"214":{"start":{"line":1124,"column":0},"end":{"line":1124,"column":23}},"215":{"start":{"line":1133,"column":0},"end":{"line":1133,"column":24}},"216":{"start":{"line":1143,"column":0},"end":{"line":1143,"column":23}},"217":{"start":{"line":1152,"column":0},"end":{"line":1152,"column":24}},"218":{"start":{"line":1161,"column":0},"end":{"line":1161,"column":27}},"219":{"start":{"line":1164,"column":0},"end":{"line":1164,"column":22}},"220":{"start":{"line":1188,"column":0},"end":{"line":1197,"column":1}},"221":{"start":{"line":1189,"column":4},"end":{"line":1190,"column":27}},"222":{"start":{"line":1192,"column":4},"end":{"line":1194,"column":5}},"223":{"start":{"line":1193,"column":8},"end":{"line":1193,"column":69}},"224":{"start":{"line":1196,"column":4},"end":{"line":1196,"column":28}},"225":{"start":{"line":1199,"column":0},"end":{"line":1203,"column":1}},"226":{"start":{"line":1200,"column":4},"end":{"line":1200,"column":45}},"227":{"start":{"line":1202,"column":4},"end":{"line":1202,"column":33}},"228":{"start":{"line":1205,"column":0},"end":{"line":1206,"column":49}},"229":{"start":{"line":1207,"column":0},"end":{"line":1207,"column":48}},"230":{"start":{"line":1208,"column":0},"end":{"line":1208,"column":38}},"231":{"start":{"line":1209,"column":0},"end":{"line":1209,"column":46}},"232":{"start":{"line":1210,"column":0},"end":{"line":1210,"column":32}},"233":{"start":{"line":1223,"column":0},"end":{"line":1225,"column":1}},"234":{"start":{"line":1224,"column":4},"end":{"line":1224,"column":60}},"235":{"start":{"line":1234,"column":0},"end":{"line":1236,"column":1}},"236":{"start":{"line":1235,"column":4},"end":{"line":1235,"column":76}},"237":{"start":{"line":1245,"column":0},"end":{"line":1247,"column":1}},"238":{"start":{"line":1246,"column":4},"end":{"line":1246,"column":43}},"239":{"start":{"line":1256,"column":0},"end":{"line":1259,"column":1}},"240":{"start":{"line":1257,"column":4},"end":{"line":1257,"column":27}},"241":{"start":{"line":1258,"column":4},"end":{"line":1258,"column":62}},"242":{"start":{"line":1268,"column":0},"end":{"line":1273,"column":1}},"243":{"start":{"line":1269,"column":4},"end":{"line":1271,"column":5}},"244":{"start":{"line":1270,"column":8},"end":{"line":1270,"column":51}},"245":{"start":{"line":1272,"column":4},"end":{"line":1272,"column":62}},"246":{"start":{"line":1282,"column":0},"end":{"line":1296,"column":1}},"247":{"start":{"line":1283,"column":4},"end":{"line":1293,"column":5}},"248":{"start":{"line":1284,"column":8},"end":{"line":1286,"column":9}},"249":{"start":{"line":1285,"column":12},"end":{"line":1285,"column":24}},"250":{"start":{"line":1288,"column":8},"end":{"line":1290,"column":9}},"251":{"start":{"line":1289,"column":12},"end":{"line":1289,"column":24}},"252":{"start":{"line":1292,"column":8},"end":{"line":1292,"column":20}},"253":{"start":{"line":1295,"column":4},"end":{"line":1295,"column":13}},"254":{"start":{"line":1305,"column":0},"end":{"line":1307,"column":1}},"255":{"start":{"line":1306,"column":4},"end":{"line":1306,"column":49}},"256":{"start":{"line":1318,"column":0},"end":{"line":1320,"column":1}},"257":{"start":{"line":1319,"column":4},"end":{"line":1319,"column":49}},"258":{"start":{"line":1332,"column":0},"end":{"line":1360,"column":1}},"259":{"start":{"line":1333,"column":4},"end":{"line":1339,"column":42}},"260":{"start":{"line":1341,"column":4},"end":{"line":1358,"column":5}},"261":{"start":{"line":1342,"column":8},"end":{"line":1342,"column":18}},"262":{"start":{"line":1344,"column":8},"end":{"line":1344,"column":30}},"263":{"start":{"line":1345,"column":8},"end":{"line":1345,"column":76}},"264":{"start":{"line":1346,"column":8},"end":{"line":1356,"column":9}},"265":{"start":{"line":1348,"column":12},"end":{"line":1348,"column":46}},"266":{"start":{"line":1349,"column":12},"end":{"line":1349,"column":18}},"267":{"start":{"line":1351,"column":12},"end":{"line":1351,"column":32}},"268":{"start":{"line":1352,"column":12},"end":{"line":1352,"column":18}},"269":{"start":{"line":1354,"column":12},"end":{"line":1354,"column":32}},"270":{"start":{"line":1355,"column":12},"end":{"line":1355,"column":18}},"271":{"start":{"line":1357,"column":8},"end":{"line":1357,"column":15}},"272":{"start":{"line":1359,"column":4},"end":{"line":1359,"column":27}}},"branchMap":{"1":{"line":48,"type":"binary-expr","locations":[{"start":{"line":48,"column":14},"end":{"line":48,"column":35}},{"start":{"line":48,"column":39},"end":{"line":50,"column":5}}]},"2":{"line":218,"type":"binary-expr","locations":[{"start":{"line":218,"column":24},"end":{"line":218,"column":46}},{"start":{"line":218,"column":50},"end":{"line":218,"column":58}}]},"3":{"line":220,"type":"if","locations":[{"start":{"line":220,"column":12},"end":{"line":220,"column":12}},{"start":{"line":220,"column":12},"end":{"line":220,"column":12}}]},"4":{"line":220,"type":"binary-expr","locations":[{"start":{"line":220,"column":17},"end":{"line":220,"column":21}},{"start":{"line":220,"column":25},"end":{"line":220,"column":51}}]},"5":{"line":223,"type":"if","locations":[{"start":{"line":223,"column":19},"end":{"line":223,"column":19}},{"start":{"line":223,"column":19},"end":{"line":223,"column":19}}]},"6":{"line":229,"type":"cond-expr","locations":[{"start":{"line":229,"column":43},"end":{"line":229,"column":54}},{"start":{"line":229,"column":57},"end":{"line":229,"column":62}}]},"7":{"line":370,"type":"if","locations":[{"start":{"line":370,"column":24},"end":{"line":370,"column":24}},{"start":{"line":370,"column":24},"end":{"line":370,"column":24}}]},"8":{"line":374,"type":"if","locations":[{"start":{"line":374,"column":24},"end":{"line":374,"column":24}},{"start":{"line":374,"column":24},"end":{"line":374,"column":24}}]},"9":{"line":378,"type":"if","locations":[{"start":{"line":378,"column":24},"end":{"line":378,"column":24}},{"start":{"line":378,"column":24},"end":{"line":378,"column":24}}]},"10":{"line":382,"type":"if","locations":[{"start":{"line":382,"column":24},"end":{"line":382,"column":24}},{"start":{"line":382,"column":24},"end":{"line":382,"column":24}}]},"11":{"line":386,"type":"if","locations":[{"start":{"line":386,"column":24},"end":{"line":386,"column":24}},{"start":{"line":386,"column":24},"end":{"line":386,"column":24}}]},"12":{"line":393,"type":"if","locations":[{"start":{"line":393,"column":16},"end":{"line":393,"column":16}},{"start":{"line":393,"column":16},"end":{"line":393,"column":16}}]},"13":{"line":399,"type":"if","locations":[{"start":{"line":399,"column":16},"end":{"line":399,"column":16}},{"start":{"line":399,"column":16},"end":{"line":399,"column":16}}]},"14":{"line":404,"type":"switch","locations":[{"start":{"line":405,"column":16},"end":{"line":407,"column":26}},{"start":{"line":408,"column":16},"end":{"line":410,"column":26}},{"start":{"line":411,"column":16},"end":{"line":413,"column":26}}]},"15":{"line":417,"type":"if","locations":[{"start":{"line":417,"column":16},"end":{"line":417,"column":16}},{"start":{"line":417,"column":16},"end":{"line":417,"column":16}}]},"16":{"line":420,"type":"cond-expr","locations":[{"start":{"line":420,"column":34},"end":{"line":420,"column":45}},{"start":{"line":420,"column":48},"end":{"line":420,"column":61}}]},"17":{"line":444,"type":"cond-expr","locations":[{"start":{"line":444,"column":39},"end":{"line":444,"column":69}},{"start":{"line":445,"column":39},"end":{"line":445,"column":61}}]},"18":{"line":446,"type":"cond-expr","locations":[{"start":{"line":446,"column":39},"end":{"line":446,"column":69}},{"start":{"line":447,"column":39},"end":{"line":447,"column":61}}]},"19":{"line":448,"type":"cond-expr","locations":[{"start":{"line":448,"column":39},"end":{"line":448,"column":69}},{"start":{"line":449,"column":39},"end":{"line":449,"column":61}}]},"20":{"line":450,"type":"cond-expr","locations":[{"start":{"line":450,"column":40},"end":{"line":450,"column":65}},{"start":{"line":451,"column":39},"end":{"line":451,"column":60}}]},"21":{"line":454,"type":"if","locations":[{"start":{"line":454,"column":16},"end":{"line":454,"column":16}},{"start":{"line":454,"column":16},"end":{"line":454,"column":16}}]},"22":{"line":513,"type":"if","locations":[{"start":{"line":513,"column":4},"end":{"line":513,"column":4}},{"start":{"line":513,"column":4},"end":{"line":513,"column":4}}]},"23":{"line":539,"type":"binary-expr","locations":[{"start":{"line":539,"column":13},"end":{"line":539,"column":36}},{"start":{"line":539,"column":40},"end":{"line":539,"column":46}}]},"24":{"line":542,"type":"if","locations":[{"start":{"line":542,"column":4},"end":{"line":542,"column":4}},{"start":{"line":542,"column":4},"end":{"line":542,"column":4}}]},"25":{"line":543,"type":"if","locations":[{"start":{"line":543,"column":8},"end":{"line":543,"column":8}},{"start":{"line":543,"column":8},"end":{"line":543,"column":8}}]},"26":{"line":554,"type":"if","locations":[{"start":{"line":554,"column":4},"end":{"line":554,"column":4}},{"start":{"line":554,"column":4},"end":{"line":554,"column":4}}]},"27":{"line":557,"type":"switch","locations":[{"start":{"line":558,"column":8},"end":{"line":562,"column":18}},{"start":{"line":563,"column":8},"end":{"line":568,"column":18}},{"start":{"line":569,"column":8},"end":{"line":571,"column":18}},{"start":{"line":572,"column":8},"end":{"line":573,"column":18}},{"start":{"line":574,"column":8},"end":{"line":576,"column":62}}]},"28":{"line":585,"type":"if","locations":[{"start":{"line":585,"column":8},"end":{"line":585,"column":8}},{"start":{"line":585,"column":8},"end":{"line":585,"column":8}}]},"29":{"line":616,"type":"if","locations":[{"start":{"line":616,"column":12},"end":{"line":616,"column":12}},{"start":{"line":616,"column":12},"end":{"line":616,"column":12}}]},"30":{"line":616,"type":"binary-expr","locations":[{"start":{"line":616,"column":17},"end":{"line":616,"column":34}},{"start":{"line":616,"column":38},"end":{"line":616,"column":48}},{"start":{"line":616,"column":52},"end":{"line":616,"column":64}}]},"31":{"line":621,"type":"if","locations":[{"start":{"line":621,"column":12},"end":{"line":621,"column":12}},{"start":{"line":621,"column":12},"end":{"line":621,"column":12}}]},"32":{"line":621,"type":"binary-expr","locations":[{"start":{"line":621,"column":17},"end":{"line":621,"column":34}},{"start":{"line":621,"column":38},"end":{"line":621,"column":48}},{"start":{"line":621,"column":52},"end":{"line":621,"column":64}}]},"33":{"line":626,"type":"if","locations":[{"start":{"line":626,"column":12},"end":{"line":626,"column":12}},{"start":{"line":626,"column":12},"end":{"line":626,"column":12}}]},"34":{"line":626,"type":"binary-expr","locations":[{"start":{"line":626,"column":17},"end":{"line":626,"column":34}},{"start":{"line":626,"column":38},"end":{"line":626,"column":48}},{"start":{"line":626,"column":52},"end":{"line":626,"column":64}}]},"35":{"line":631,"type":"if","locations":[{"start":{"line":631,"column":12},"end":{"line":631,"column":12}},{"start":{"line":631,"column":12},"end":{"line":631,"column":12}}]},"36":{"line":631,"type":"binary-expr","locations":[{"start":{"line":631,"column":17},"end":{"line":631,"column":34}},{"start":{"line":631,"column":38},"end":{"line":631,"column":48}},{"start":{"line":631,"column":52},"end":{"line":631,"column":62}}]},"37":{"line":640,"type":"if","locations":[{"start":{"line":640,"column":4},"end":{"line":640,"column":4}},{"start":{"line":640,"column":4},"end":{"line":640,"column":4}}]},"38":{"line":734,"type":"binary-expr","locations":[{"start":{"line":734,"column":15},"end":{"line":737,"column":9}},{"start":{"line":737,"column":13},"end":{"line":737,"column":15}}]},"39":{"line":735,"type":"cond-expr","locations":[{"start":{"line":735,"column":27},"end":{"line":735,"column":37}},{"start":{"line":736,"column":27},"end":{"line":736,"column":71}}]},"40":{"line":789,"type":"if","locations":[{"start":{"line":789,"column":8},"end":{"line":789,"column":8}},{"start":{"line":789,"column":8},"end":{"line":789,"column":8}}]},"41":{"line":790,"type":"switch","locations":[{"start":{"line":791,"column":12},"end":{"line":793,"column":22}},{"start":{"line":794,"column":12},"end":{"line":796,"column":22}},{"start":{"line":797,"column":12},"end":{"line":799,"column":22}},{"start":{"line":800,"column":12},"end":{"line":801,"column":58}}]},"42":{"line":804,"type":"if","locations":[{"start":{"line":804,"column":12},"end":{"line":804,"column":12}},{"start":{"line":804,"column":12},"end":{"line":804,"column":12}}]},"43":{"line":821,"type":"if","locations":[{"start":{"line":821,"column":8},"end":{"line":821,"column":8}},{"start":{"line":821,"column":8},"end":{"line":821,"column":8}}]},"44":{"line":847,"type":"if","locations":[{"start":{"line":847,"column":8},"end":{"line":847,"column":8}},{"start":{"line":847,"column":8},"end":{"line":847,"column":8}}]},"45":{"line":851,"type":"if","locations":[{"start":{"line":851,"column":8},"end":{"line":851,"column":8}},{"start":{"line":851,"column":8},"end":{"line":851,"column":8}}]},"46":{"line":928,"type":"if","locations":[{"start":{"line":928,"column":8},"end":{"line":928,"column":8}},{"start":{"line":928,"column":8},"end":{"line":928,"column":8}}]},"47":{"line":932,"type":"if","locations":[{"start":{"line":932,"column":8},"end":{"line":932,"column":8}},{"start":{"line":932,"column":8},"end":{"line":932,"column":8}}]},"48":{"line":953,"type":"if","locations":[{"start":{"line":953,"column":8},"end":{"line":953,"column":8}},{"start":{"line":953,"column":8},"end":{"line":953,"column":8}}]},"49":{"line":959,"type":"if","locations":[{"start":{"line":959,"column":8},"end":{"line":959,"column":8}},{"start":{"line":959,"column":8},"end":{"line":959,"column":8}}]},"50":{"line":965,"type":"if","locations":[{"start":{"line":965,"column":8},"end":{"line":965,"column":8}},{"start":{"line":965,"column":8},"end":{"line":965,"column":8}}]},"51":{"line":1004,"type":"if","locations":[{"start":{"line":1004,"column":4},"end":{"line":1004,"column":4}},{"start":{"line":1004,"column":4},"end":{"line":1004,"column":4}}]},"52":{"line":1065,"type":"cond-expr","locations":[{"start":{"line":1065,"column":30},"end":{"line":1065,"column":36}},{"start":{"line":1065,"column":39},"end":{"line":1065,"column":47}}]},"53":{"line":1081,"type":"if","locations":[{"start":{"line":1081,"column":4},"end":{"line":1081,"column":4}},{"start":{"line":1081,"column":4},"end":{"line":1081,"column":4}}]},"54":{"line":1085,"type":"if","locations":[{"start":{"line":1085,"column":4},"end":{"line":1085,"column":4}},{"start":{"line":1085,"column":4},"end":{"line":1085,"column":4}}]},"55":{"line":1089,"type":"if","locations":[{"start":{"line":1089,"column":4},"end":{"line":1089,"column":4}},{"start":{"line":1089,"column":4},"end":{"line":1089,"column":4}}]},"56":{"line":1192,"type":"if","locations":[{"start":{"line":1192,"column":4},"end":{"line":1192,"column":4}},{"start":{"line":1192,"column":4},"end":{"line":1192,"column":4}}]},"57":{"line":1199,"type":"if","locations":[{"start":{"line":1199,"column":0},"end":{"line":1199,"column":0}},{"start":{"line":1199,"column":0},"end":{"line":1199,"column":0}}]},"58":{"line":1205,"type":"cond-expr","locations":[{"start":{"line":1206,"column":4},"end":{"line":1206,"column":34}},{"start":{"line":1206,"column":37},"end":{"line":1206,"column":48}}]},"59":{"line":1235,"type":"binary-expr","locations":[{"start":{"line":1235,"column":11},"end":{"line":1235,"column":59}},{"start":{"line":1235,"column":63},"end":{"line":1235,"column":75}}]},"60":{"line":1246,"type":"binary-expr","locations":[{"start":{"line":1246,"column":14},"end":{"line":1246,"column":18}},{"start":{"line":1246,"column":22},"end":{"line":1246,"column":41}}]},"61":{"line":1258,"type":"binary-expr","locations":[{"start":{"line":1258,"column":11},"end":{"line":1258,"column":30}},{"start":{"line":1258,"column":34},"end":{"line":1258,"column":51}},{"start":{"line":1258,"column":55},"end":{"line":1258,"column":61}}]},"62":{"line":1269,"type":"if","locations":[{"start":{"line":1269,"column":4},"end":{"line":1269,"column":4}},{"start":{"line":1269,"column":4},"end":{"line":1269,"column":4}}]},"63":{"line":1269,"type":"binary-expr","locations":[{"start":{"line":1269,"column":9},"end":{"line":1269,"column":34}},{"start":{"line":1269,"column":38},"end":{"line":1269,"column":67}}]},"64":{"line":1270,"type":"binary-expr","locations":[{"start":{"line":1270,"column":15},"end":{"line":1270,"column":41}},{"start":{"line":1270,"column":45},"end":{"line":1270,"column":50}}]},"65":{"line":1283,"type":"if","locations":[{"start":{"line":1283,"column":4},"end":{"line":1283,"column":4}},{"start":{"line":1283,"column":4},"end":{"line":1283,"column":4}}]},"66":{"line":1306,"type":"cond-expr","locations":[{"start":{"line":1306,"column":31},"end":{"line":1306,"column":41}},{"start":{"line":1306,"column":44},"end":{"line":1306,"column":48}}]},"67":{"line":1341,"type":"if","locations":[{"start":{"line":1341,"column":4},"end":{"line":1341,"column":4}},{"start":{"line":1341,"column":4},"end":{"line":1341,"column":4}}]},"68":{"line":1345,"type":"cond-expr","locations":[{"start":{"line":1345,"column":22},"end":{"line":1345,"column":49}},{"start":{"line":1345,"column":52},"end":{"line":1345,"column":75}}]},"69":{"line":1346,"type":"switch","locations":[{"start":{"line":1347,"column":8},"end":{"line":1349,"column":18}},{"start":{"line":1350,"column":8},"end":{"line":1352,"column":18}},{"start":{"line":1353,"column":8},"end":{"line":1355,"column":18}}]},"70":{"line":1348,"type":"cond-expr","locations":[{"start":{"line":1348,"column":39},"end":{"line":1348,"column":40}},{"start":{"line":1348,"column":43},"end":{"line":1348,"column":44}}]}}}}