{"/home/mortz/Workspace/ColorInterpreter/index.js":{"path":"/home/mortz/Workspace/ColorInterpreter/index.js","s":{"1":1,"2":0,"3":0,"4":0,"5":0,"6":0,"7":0,"8":0,"9":0,"10":25,"11":63,"12":6,"13":63,"14":12,"15":63,"16":19,"17":44,"18":21,"19":23,"20":2,"21":21,"22":25,"23":3,"24":22,"25":25,"26":13,"27":25,"28":4,"29":4,"30":2,"31":2,"32":2,"33":2,"34":25,"35":25,"36":4,"37":21,"38":21,"39":21,"40":21,"41":21,"42":25,"43":17,"44":17,"45":9,"46":17,"47":36,"48":1,"49":101,"50":101,"51":19,"52":82,"53":82,"54":82,"55":82,"56":82,"57":1,"58":0,"59":1,"60":1,"61":81,"62":24,"63":24,"64":8,"65":8,"66":2,"67":2,"68":7,"69":7,"70":6,"71":1,"72":1,"73":80,"74":151,"75":151,"76":151,"77":78,"78":78,"79":78,"80":78,"81":78,"82":78,"83":1,"84":1,"85":77,"86":1,"87":1,"88":76,"89":1,"90":1,"91":75,"92":1,"93":1,"94":74,"95":76,"96":2,"97":2,"98":1,"99":4,"100":4,"101":49,"102":49,"103":9,"104":9,"105":53,"106":53,"107":47,"108":47,"109":45,"110":45,"111":43,"112":43,"113":125,"114":125,"115":45,"116":45,"117":10,"118":10,"119":9,"120":1,"121":1,"122":1,"123":1,"124":1,"125":1,"126":6,"127":9,"128":9,"129":1,"130":2,"131":2,"132":2,"133":2,"134":7,"135":5,"136":5,"137":2,"138":5,"139":4,"140":1,"141":1,"142":1,"143":1,"144":1,"145":34,"146":2,"147":2,"148":2,"149":2,"150":1,"151":2,"152":1,"153":1,"154":2,"155":2,"156":1,"157":1,"158":2,"159":1,"160":1,"161":2,"162":1,"163":1,"164":2,"165":1,"166":1,"167":0,"168":0,"169":0,"170":0,"171":0,"172":0,"173":0,"174":0,"175":0,"176":0,"177":0,"178":0,"179":0,"180":0,"181":0,"182":0,"183":0,"184":0,"185":0,"186":0,"187":0,"188":0,"189":0,"190":0,"191":0,"192":0,"193":0,"194":0,"195":0,"196":0,"197":0,"198":0,"199":0,"200":0,"201":0,"202":0,"203":0,"204":0,"205":0,"206":0,"207":0,"208":0,"209":0,"210":0,"211":0,"212":0,"213":0,"214":0,"215":0,"216":0,"217":0,"218":0,"219":0,"220":0,"221":1,"222":3,"223":3,"224":1,"225":2,"226":1,"227":2,"228":1,"229":1,"230":1,"231":1,"232":1,"233":1,"234":1,"235":1,"236":1,"237":1,"238":1,"239":1,"240":1,"241":1,"242":10,"243":10,"244":10,"245":10,"246":1,"247":1,"248":0,"249":1,"250":1,"251":1,"252":1,"253":1,"254":1,"255":22,"256":1,"257":333,"258":1,"259":1,"260":1,"261":0,"262":0,"263":1,"264":91,"265":91,"266":0,"267":1,"268":25,"269":25,"270":3,"271":25,"272":2,"273":25,"274":0,"275":1,"276":420,"277":1,"278":689,"279":1,"280":92,"281":92,"282":1,"283":91,"284":91,"285":91,"286":52,"287":52,"288":1,"289":1,"290":38,"291":38,"292":91,"293":92},"b":{"1":[1,0],"2":[0,0],"3":[0,0],"4":[0,0],"5":[0,0],"6":[0,0],"7":[6,57],"8":[12,51],"9":[19,44],"10":[21,23],"11":[2,21],"12":[3,22],"13":[13,12],"14":[4,2,2],"15":[4,21],"16":[12,9],"17":[11,6],"18":[11,6],"19":[11,6],"20":[3,14],"21":[9,8],"22":[19,82],"23":[82,66],"24":[1,81],"25":[0,1],"26":[24,57],"27":[8,2,7,6,1],"28":[78,73],"29":[1,77],"30":[78,78,78],"31":[1,76],"32":[77,77,77],"33":[1,75],"34":[76,76,76],"35":[1,74],"36":[75,75,75],"37":[2,74],"38":[43,0],"39":[9,34],"40":[9,1],"41":[1,1,1,6],"42":[9,0],"43":[2,0],"44":[2,3],"45":[4,1],"46":[1,1],"47":[1,1],"48":[1,1],"49":[1,1],"50":[1,1],"51":[0,0],"52":[0,0],"53":[1,2],"54":[1,1],"55":[1,1],"56":[10,0],"57":[1,0],"58":[1,0],"59":[333,333],"60":[1,0],"61":[0,0,0],"62":[91,0],"63":[91,91],"64":[91,81],"65":[25,0],"66":[70,350],"67":[1,91],"68":[19,72],"69":[52,1,38],"70":[0,52]},"f":{"1":0,"2":0,"3":25,"4":63,"5":17,"6":36,"7":101,"8":4,"9":49,"10":9,"11":53,"12":47,"13":45,"14":43,"15":125,"16":45,"17":10,"18":2,"19":7,"20":5,"21":1,"22":1,"23":1,"24":1,"25":34,"26":2,"27":2,"28":2,"29":0,"30":3,"31":10,"32":22,"33":333,"34":1,"35":0,"36":91,"37":25,"38":420,"39":689,"40":92},"fnMap":{"1":{"name":"(anonymous_1)","line":48,"loc":{"start":{"line":48,"column":39},"end":{"line":48,"column":51}}},"2":{"name":"(anonymous_2)","line":216,"loc":{"start":{"line":216,"column":22},"end":{"line":216,"column":42}}},"3":{"name":"(anonymous_3)","line":371,"loc":{"start":{"line":371,"column":22},"end":{"line":371,"column":39}}},"4":{"name":"(anonymous_4)","line":376,"loc":{"start":{"line":376,"column":30},"end":{"line":376,"column":52}}},"5":{"name":"(anonymous_5)","line":449,"loc":{"start":{"line":449,"column":22},"end":{"line":449,"column":39}}},"6":{"name":"(anonymous_6)","line":473,"loc":{"start":{"line":473,"column":22},"end":{"line":473,"column":39}}},"7":{"name":"Color","line":517,"loc":{"start":{"line":517,"column":0},"end":{"line":517,"column":34}}},"8":{"name":"(anonymous_8)","line":659,"loc":{"start":{"line":659,"column":12},"end":{"line":659,"column":24}}},"9":{"name":"(anonymous_9)","line":670,"loc":{"start":{"line":670,"column":22},"end":{"line":670,"column":34}}},"10":{"name":"(anonymous_10)","line":683,"loc":{"start":{"line":683,"column":13},"end":{"line":683,"column":25}}},"11":{"name":"(anonymous_11)","line":694,"loc":{"start":{"line":694,"column":23},"end":{"line":694,"column":35}}},"12":{"name":"(anonymous_12)","line":708,"loc":{"start":{"line":708,"column":12},"end":{"line":708,"column":24}}},"13":{"name":"(anonymous_13)","line":723,"loc":{"start":{"line":723,"column":13},"end":{"line":723,"column":25}}},"14":{"name":"(anonymous_14)","line":739,"loc":{"start":{"line":739,"column":16},"end":{"line":739,"column":28}}},"15":{"name":"(anonymous_15)","line":752,"loc":{"start":{"line":752,"column":12},"end":{"line":752,"column":24}}},"16":{"name":"(anonymous_16)","line":765,"loc":{"start":{"line":765,"column":13},"end":{"line":765,"column":25}}},"17":{"name":"(anonymous_17)","line":793,"loc":{"start":{"line":793,"column":15},"end":{"line":793,"column":34}}},"18":{"name":"(anonymous_18)","line":826,"loc":{"start":{"line":826,"column":15},"end":{"line":826,"column":34}}},"19":{"name":"(anonymous_19)","line":840,"loc":{"start":{"line":840,"column":14},"end":{"line":840,"column":26}}},"20":{"name":"(anonymous_20)","line":851,"loc":{"start":{"line":851,"column":13},"end":{"line":851,"column":31}}},"21":{"name":"(anonymous_21)","line":871,"loc":{"start":{"line":871,"column":12},"end":{"line":871,"column":24}}},"22":{"name":"(anonymous_22)","line":880,"loc":{"start":{"line":880,"column":10},"end":{"line":880,"column":22}}},"23":{"name":"(anonymous_23)","line":889,"loc":{"start":{"line":889,"column":12},"end":{"line":889,"column":24}}},"24":{"name":"(anonymous_24)","line":898,"loc":{"start":{"line":898,"column":11},"end":{"line":898,"column":23}}},"25":{"name":"(anonymous_25)","line":907,"loc":{"start":{"line":907,"column":12},"end":{"line":907,"column":24}}},"26":{"name":"(anonymous_26)","line":917,"loc":{"start":{"line":917,"column":17},"end":{"line":917,"column":29}}},"27":{"name":"(anonymous_27)","line":931,"loc":{"start":{"line":931,"column":17},"end":{"line":931,"column":35}}},"28":{"name":"(anonymous_28)","line":955,"loc":{"start":{"line":955,"column":16},"end":{"line":955,"column":28}}},"29":{"name":"(anonymous_29)","line":1009,"loc":{"start":{"line":1009,"column":26},"end":{"line":1009,"column":45}}},"30":{"name":"(anonymous_30)","line":1121,"loc":{"start":{"line":1121,"column":19},"end":{"line":1121,"column":44}}},"31":{"name":"ColorError","line":1232,"loc":{"start":{"line":1232,"column":0},"end":{"line":1232,"column":30}}},"32":{"name":"isString","line":1267,"loc":{"start":{"line":1267,"column":0},"end":{"line":1267,"column":25}}},"33":{"name":"isNumber","line":1278,"loc":{"start":{"line":1278,"column":0},"end":{"line":1278,"column":25}}},"34":{"name":"isElement","line":1289,"loc":{"start":{"line":1289,"column":0},"end":{"line":1289,"column":26}}},"35":{"name":"isObject","line":1300,"loc":{"start":{"line":1300,"column":0},"end":{"line":1300,"column":25}}},"36":{"name":"isFunction","line":1312,"loc":{"start":{"line":1312,"column":0},"end":{"line":1312,"column":27}}},"37":{"name":"to360Degrees","line":1326,"loc":{"start":{"line":1326,"column":0},"end":{"line":1326,"column":28}}},"38":{"name":"zeroPad2","line":1349,"loc":{"start":{"line":1349,"column":0},"end":{"line":1349,"column":24}}},"39":{"name":"toFixed","line":1362,"loc":{"start":{"line":1362,"column":0},"end":{"line":1362,"column":34}}},"40":{"name":"rgb2hsl","line":1376,"loc":{"start":{"line":1376,"column":0},"end":{"line":1376,"column":30}}}},"statementMap":{"1":{"start":{"line":42,"column":0},"end":{"line":482,"column":6}},"2":{"start":{"line":49,"column":8},"end":{"line":49,"column":70}},"3":{"start":{"line":217,"column":12},"end":{"line":218,"column":72}},"4":{"start":{"line":220,"column":12},"end":{"line":227,"column":13}},"5":{"start":{"line":221,"column":16},"end":{"line":222,"column":55}},"6":{"start":{"line":223,"column":19},"end":{"line":227,"column":13}},"7":{"start":{"line":224,"column":16},"end":{"line":224,"column":55}},"8":{"start":{"line":226,"column":16},"end":{"line":226,"column":45}},"9":{"start":{"line":229,"column":12},"end":{"line":229,"column":63}},"10":{"start":{"line":372,"column":16},"end":{"line":398,"column":22}},"11":{"start":{"line":377,"column":24},"end":{"line":379,"column":25}},"12":{"start":{"line":378,"column":28},"end":{"line":378,"column":36}},"13":{"start":{"line":381,"column":24},"end":{"line":383,"column":25}},"14":{"start":{"line":382,"column":28},"end":{"line":382,"column":36}},"15":{"start":{"line":385,"column":24},"end":{"line":387,"column":25}},"16":{"start":{"line":386,"column":28},"end":{"line":386,"column":59}},"17":{"start":{"line":389,"column":24},"end":{"line":391,"column":25}},"18":{"start":{"line":390,"column":28},"end":{"line":390,"column":38}},"19":{"start":{"line":393,"column":24},"end":{"line":395,"column":25}},"20":{"start":{"line":394,"column":28},"end":{"line":394,"column":67}},"21":{"start":{"line":397,"column":24},"end":{"line":397,"column":34}},"22":{"start":{"line":400,"column":16},"end":{"line":404,"column":17}},"23":{"start":{"line":401,"column":20},"end":{"line":401,"column":49}},"24":{"start":{"line":403,"column":20},"end":{"line":403,"column":45}},"25":{"start":{"line":406,"column":16},"end":{"line":408,"column":17}},"26":{"start":{"line":407,"column":20},"end":{"line":407,"column":26}},"27":{"start":{"line":411,"column":16},"end":{"line":421,"column":17}},"28":{"start":{"line":413,"column":20},"end":{"line":413,"column":37}},"29":{"start":{"line":414,"column":20},"end":{"line":414,"column":26}},"30":{"start":{"line":416,"column":20},"end":{"line":416,"column":30}},"31":{"start":{"line":417,"column":20},"end":{"line":417,"column":26}},"32":{"start":{"line":419,"column":20},"end":{"line":419,"column":29}},"33":{"start":{"line":420,"column":20},"end":{"line":420,"column":26}},"34":{"start":{"line":422,"column":16},"end":{"line":422,"column":40}},"35":{"start":{"line":424,"column":16},"end":{"line":432,"column":17}},"36":{"start":{"line":425,"column":20},"end":{"line":425,"column":34}},"37":{"start":{"line":427,"column":20},"end":{"line":427,"column":62}},"38":{"start":{"line":428,"column":20},"end":{"line":428,"column":34}},"39":{"start":{"line":429,"column":20},"end":{"line":429,"column":47}},"40":{"start":{"line":430,"column":20},"end":{"line":430,"column":41}},"41":{"start":{"line":431,"column":20},"end":{"line":431,"column":47}},"42":{"start":{"line":433,"column":16},"end":{"line":438,"column":18}},"43":{"start":{"line":450,"column":16},"end":{"line":459,"column":18}},"44":{"start":{"line":461,"column":16},"end":{"line":463,"column":17}},"45":{"start":{"line":462,"column":20},"end":{"line":462,"column":29}},"46":{"start":{"line":465,"column":16},"end":{"line":465,"column":25}},"47":{"start":{"line":474,"column":16},"end":{"line":479,"column":18}},"48":{"start":{"line":517,"column":0},"end":{"line":651,"column":1}},"49":{"start":{"line":518,"column":4},"end":{"line":518,"column":45}},"50":{"start":{"line":520,"column":4},"end":{"line":522,"column":5}},"51":{"start":{"line":521,"column":8},"end":{"line":521,"column":43}},"52":{"start":{"line":531,"column":4},"end":{"line":531,"column":19}},"53":{"start":{"line":540,"column":4},"end":{"line":540,"column":22}},"54":{"start":{"line":543,"column":4},"end":{"line":543,"column":56}},"55":{"start":{"line":546,"column":4},"end":{"line":546,"column":47}},"56":{"start":{"line":549,"column":4},"end":{"line":558,"column":5}},"57":{"start":{"line":550,"column":8},"end":{"line":557,"column":9}},"58":{"start":{"line":551,"column":12},"end":{"line":551,"column":49}},"59":{"start":{"line":553,"column":12},"end":{"line":553,"column":31}},"60":{"start":{"line":554,"column":12},"end":{"line":556,"column":14}},"61":{"start":{"line":561,"column":4},"end":{"line":585,"column":5}},"62":{"start":{"line":563,"column":8},"end":{"line":563,"column":37}},"63":{"start":{"line":564,"column":8},"end":{"line":584,"column":9}},"64":{"start":{"line":566,"column":12},"end":{"line":568,"column":64}},"65":{"start":{"line":569,"column":12},"end":{"line":569,"column":18}},"66":{"start":{"line":571,"column":12},"end":{"line":574,"column":57}},"67":{"start":{"line":575,"column":12},"end":{"line":575,"column":18}},"68":{"start":{"line":577,"column":12},"end":{"line":577,"column":27}},"69":{"start":{"line":578,"column":12},"end":{"line":578,"column":18}},"70":{"start":{"line":580,"column":12},"end":{"line":580,"column":18}},"71":{"start":{"line":582,"column":12},"end":{"line":582,"column":31}},"72":{"start":{"line":583,"column":12},"end":{"line":583,"column":62}},"73":{"start":{"line":588,"column":4},"end":{"line":645,"column":5}},"74":{"start":{"line":589,"column":8},"end":{"line":589,"column":28}},"75":{"start":{"line":590,"column":8},"end":{"line":590,"column":44}},"76":{"start":{"line":592,"column":8},"end":{"line":644,"column":9}},"77":{"start":{"line":593,"column":12},"end":{"line":593,"column":42}},"78":{"start":{"line":600,"column":12},"end":{"line":600,"column":31}},"79":{"start":{"line":607,"column":12},"end":{"line":607,"column":31}},"80":{"start":{"line":614,"column":12},"end":{"line":614,"column":31}},"81":{"start":{"line":621,"column":12},"end":{"line":621,"column":31}},"82":{"start":{"line":623,"column":12},"end":{"line":626,"column":13}},"83":{"start":{"line":624,"column":16},"end":{"line":624,"column":35}},"84":{"start":{"line":625,"column":16},"end":{"line":625,"column":70}},"85":{"start":{"line":628,"column":12},"end":{"line":631,"column":13}},"86":{"start":{"line":629,"column":16},"end":{"line":629,"column":35}},"87":{"start":{"line":630,"column":16},"end":{"line":630,"column":72}},"88":{"start":{"line":633,"column":12},"end":{"line":636,"column":13}},"89":{"start":{"line":634,"column":16},"end":{"line":634,"column":35}},"90":{"start":{"line":635,"column":16},"end":{"line":635,"column":71}},"91":{"start":{"line":638,"column":12},"end":{"line":641,"column":13}},"92":{"start":{"line":639,"column":16},"end":{"line":639,"column":35}},"93":{"start":{"line":640,"column":16},"end":{"line":640,"column":72}},"94":{"start":{"line":643,"column":12},"end":{"line":643,"column":18}},"95":{"start":{"line":647,"column":4},"end":{"line":650,"column":5}},"96":{"start":{"line":648,"column":8},"end":{"line":648,"column":27}},"97":{"start":{"line":649,"column":8},"end":{"line":649,"column":71}},"98":{"start":{"line":653,"column":0},"end":{"line":981,"column":2}},"99":{"start":{"line":660,"column":8},"end":{"line":660,"column":24}},"100":{"start":{"line":661,"column":8},"end":{"line":662,"column":32}},"101":{"start":{"line":671,"column":8},"end":{"line":671,"column":24}},"102":{"start":{"line":672,"column":8},"end":{"line":675,"column":55}},"103":{"start":{"line":684,"column":8},"end":{"line":684,"column":24}},"104":{"start":{"line":685,"column":8},"end":{"line":686,"column":70}},"105":{"start":{"line":695,"column":8},"end":{"line":695,"column":24}},"106":{"start":{"line":696,"column":8},"end":{"line":700,"column":48}},"107":{"start":{"line":709,"column":8},"end":{"line":710,"column":51}},"108":{"start":{"line":712,"column":8},"end":{"line":715,"column":50}},"109":{"start":{"line":724,"column":8},"end":{"line":725,"column":51}},"110":{"start":{"line":726,"column":8},"end":{"line":730,"column":48}},"111":{"start":{"line":740,"column":8},"end":{"line":740,"column":24}},"112":{"start":{"line":741,"column":8},"end":{"line":744,"column":16}},"113":{"start":{"line":753,"column":8},"end":{"line":753,"column":24}},"114":{"start":{"line":755,"column":8},"end":{"line":757,"column":74}},"115":{"start":{"line":766,"column":8},"end":{"line":767,"column":64}},"116":{"start":{"line":769,"column":8},"end":{"line":769,"column":48}},"117":{"start":{"line":794,"column":8},"end":{"line":794,"column":30}},"118":{"start":{"line":796,"column":8},"end":{"line":814,"column":9}},"119":{"start":{"line":797,"column":12},"end":{"line":809,"column":13}},"120":{"start":{"line":799,"column":16},"end":{"line":799,"column":44}},"121":{"start":{"line":800,"column":16},"end":{"line":800,"column":22}},"122":{"start":{"line":802,"column":16},"end":{"line":802,"column":45}},"123":{"start":{"line":803,"column":16},"end":{"line":803,"column":22}},"124":{"start":{"line":805,"column":16},"end":{"line":805,"column":38}},"125":{"start":{"line":806,"column":16},"end":{"line":806,"column":22}},"126":{"start":{"line":808,"column":16},"end":{"line":808,"column":58}},"127":{"start":{"line":811,"column":12},"end":{"line":813,"column":13}},"128":{"start":{"line":812,"column":16},"end":{"line":812,"column":39}},"129":{"start":{"line":816,"column":8},"end":{"line":816,"column":28}},"130":{"start":{"line":827,"column":8},"end":{"line":827,"column":24}},"131":{"start":{"line":828,"column":8},"end":{"line":830,"column":9}},"132":{"start":{"line":829,"column":12},"end":{"line":829,"column":47}},"133":{"start":{"line":831,"column":8},"end":{"line":831,"column":20}},"134":{"start":{"line":841,"column":8},"end":{"line":841,"column":26}},"135":{"start":{"line":852,"column":8},"end":{"line":852,"column":27}},"136":{"start":{"line":854,"column":8},"end":{"line":856,"column":9}},"137":{"start":{"line":855,"column":12},"end":{"line":855,"column":37}},"138":{"start":{"line":858,"column":8},"end":{"line":860,"column":9}},"139":{"start":{"line":859,"column":12},"end":{"line":859,"column":52}},"140":{"start":{"line":862,"column":8},"end":{"line":862,"column":21}},"141":{"start":{"line":872,"column":8},"end":{"line":872,"column":50}},"142":{"start":{"line":881,"column":8},"end":{"line":881,"column":22}},"143":{"start":{"line":890,"column":8},"end":{"line":890,"column":22}},"144":{"start":{"line":899,"column":8},"end":{"line":899,"column":22}},"145":{"start":{"line":908,"column":8},"end":{"line":908,"column":22}},"146":{"start":{"line":918,"column":8},"end":{"line":918,"column":24}},"147":{"start":{"line":919,"column":8},"end":{"line":919,"column":67}},"148":{"start":{"line":932,"column":8},"end":{"line":933,"column":25}},"149":{"start":{"line":935,"column":8},"end":{"line":937,"column":9}},"150":{"start":{"line":936,"column":12},"end":{"line":936,"column":37}},"151":{"start":{"line":939,"column":8},"end":{"line":943,"column":9}},"152":{"start":{"line":940,"column":12},"end":{"line":942,"column":65}},"153":{"start":{"line":945,"column":8},"end":{"line":945,"column":18}},"154":{"start":{"line":956,"column":8},"end":{"line":959,"column":30}},"155":{"start":{"line":961,"column":8},"end":{"line":965,"column":9}},"156":{"start":{"line":962,"column":12},"end":{"line":962,"column":26}},"157":{"start":{"line":964,"column":12},"end":{"line":964,"column":48}},"158":{"start":{"line":967,"column":8},"end":{"line":971,"column":9}},"159":{"start":{"line":968,"column":12},"end":{"line":968,"column":26}},"160":{"start":{"line":970,"column":12},"end":{"line":970,"column":48}},"161":{"start":{"line":973,"column":8},"end":{"line":977,"column":9}},"162":{"start":{"line":974,"column":12},"end":{"line":974,"column":26}},"163":{"start":{"line":976,"column":12},"end":{"line":976,"column":48}},"164":{"start":{"line":979,"column":8},"end":{"line":979,"column":58}},"165":{"start":{"line":982,"column":0},"end":{"line":982,"column":36}},"166":{"start":{"line":1009,"column":0},"end":{"line":1109,"column":2}},"167":{"start":{"line":1010,"column":4},"end":{"line":1010,"column":51}},"168":{"start":{"line":1012,"column":4},"end":{"line":1104,"column":5}},"169":{"start":{"line":1013,"column":8},"end":{"line":1013,"column":21}},"170":{"start":{"line":1014,"column":8},"end":{"line":1014,"column":42}},"171":{"start":{"line":1015,"column":8},"end":{"line":1015,"column":34}},"172":{"start":{"line":1016,"column":8},"end":{"line":1016,"column":44}},"173":{"start":{"line":1019,"column":8},"end":{"line":1019,"column":53}},"174":{"start":{"line":1020,"column":8},"end":{"line":1024,"column":9}},"175":{"start":{"line":1021,"column":12},"end":{"line":1021,"column":56}},"176":{"start":{"line":1023,"column":12},"end":{"line":1023,"column":32}},"177":{"start":{"line":1027,"column":8},"end":{"line":1027,"column":20}},"178":{"start":{"line":1028,"column":8},"end":{"line":1028,"column":54}},"179":{"start":{"line":1029,"column":8},"end":{"line":1033,"column":9}},"180":{"start":{"line":1030,"column":12},"end":{"line":1030,"column":57}},"181":{"start":{"line":1032,"column":12},"end":{"line":1032,"column":33}},"182":{"start":{"line":1034,"column":8},"end":{"line":1034,"column":20}},"183":{"start":{"line":1037,"column":8},"end":{"line":1037,"column":53}},"184":{"start":{"line":1038,"column":8},"end":{"line":1042,"column":9}},"185":{"start":{"line":1039,"column":12},"end":{"line":1039,"column":56}},"186":{"start":{"line":1041,"column":12},"end":{"line":1041,"column":32}},"187":{"start":{"line":1045,"column":8},"end":{"line":1045,"column":20}},"188":{"start":{"line":1046,"column":8},"end":{"line":1046,"column":54}},"189":{"start":{"line":1047,"column":8},"end":{"line":1051,"column":9}},"190":{"start":{"line":1048,"column":12},"end":{"line":1048,"column":57}},"191":{"start":{"line":1050,"column":12},"end":{"line":1050,"column":33}},"192":{"start":{"line":1052,"column":8},"end":{"line":1052,"column":20}},"193":{"start":{"line":1055,"column":8},"end":{"line":1055,"column":53}},"194":{"start":{"line":1056,"column":8},"end":{"line":1060,"column":9}},"195":{"start":{"line":1057,"column":12},"end":{"line":1057,"column":56}},"196":{"start":{"line":1059,"column":12},"end":{"line":1059,"column":32}},"197":{"start":{"line":1063,"column":8},"end":{"line":1063,"column":20}},"198":{"start":{"line":1064,"column":8},"end":{"line":1064,"column":42}},"199":{"start":{"line":1065,"column":8},"end":{"line":1074,"column":9}},"200":{"start":{"line":1066,"column":12},"end":{"line":1066,"column":57}},"201":{"start":{"line":1068,"column":12},"end":{"line":1068,"column":58}},"202":{"start":{"line":1069,"column":12},"end":{"line":1073,"column":13}},"203":{"start":{"line":1070,"column":16},"end":{"line":1070,"column":61}},"204":{"start":{"line":1072,"column":16},"end":{"line":1072,"column":37}},"205":{"start":{"line":1075,"column":8},"end":{"line":1075,"column":20}},"206":{"start":{"line":1078,"column":8},"end":{"line":1078,"column":40}},"207":{"start":{"line":1079,"column":8},"end":{"line":1081,"column":37}},"208":{"start":{"line":1080,"column":12},"end":{"line":1080,"column":62}},"209":{"start":{"line":1083,"column":8},"end":{"line":1083,"column":41}},"210":{"start":{"line":1084,"column":8},"end":{"line":1086,"column":37}},"211":{"start":{"line":1085,"column":12},"end":{"line":1085,"column":63}},"212":{"start":{"line":1088,"column":8},"end":{"line":1088,"column":40}},"213":{"start":{"line":1089,"column":8},"end":{"line":1091,"column":37}},"214":{"start":{"line":1090,"column":12},"end":{"line":1090,"column":62}},"215":{"start":{"line":1093,"column":8},"end":{"line":1093,"column":50}},"216":{"start":{"line":1094,"column":8},"end":{"line":1096,"column":37}},"217":{"start":{"line":1095,"column":12},"end":{"line":1095,"column":72}},"218":{"start":{"line":1098,"column":8},"end":{"line":1103,"column":10}},"219":{"start":{"line":1106,"column":4},"end":{"line":1106,"column":44}},"220":{"start":{"line":1108,"column":4},"end":{"line":1108,"column":48}},"221":{"start":{"line":1121,"column":0},"end":{"line":1141,"column":2}},"222":{"start":{"line":1122,"column":4},"end":{"line":1122,"column":29}},"223":{"start":{"line":1124,"column":4},"end":{"line":1126,"column":5}},"224":{"start":{"line":1125,"column":8},"end":{"line":1125,"column":68}},"225":{"start":{"line":1128,"column":4},"end":{"line":1130,"column":5}},"226":{"start":{"line":1129,"column":8},"end":{"line":1129,"column":33}},"227":{"start":{"line":1132,"column":4},"end":{"line":1134,"column":5}},"228":{"start":{"line":1133,"column":8},"end":{"line":1133,"column":74}},"229":{"start":{"line":1136,"column":4},"end":{"line":1136,"column":58}},"230":{"start":{"line":1137,"column":4},"end":{"line":1137,"column":34}},"231":{"start":{"line":1138,"column":4},"end":{"line":1138,"column":35}},"232":{"start":{"line":1140,"column":4},"end":{"line":1140,"column":16}},"233":{"start":{"line":1150,"column":0},"end":{"line":1150,"column":23}},"234":{"start":{"line":1159,"column":0},"end":{"line":1159,"column":24}},"235":{"start":{"line":1168,"column":0},"end":{"line":1168,"column":23}},"236":{"start":{"line":1177,"column":0},"end":{"line":1177,"column":24}},"237":{"start":{"line":1187,"column":0},"end":{"line":1187,"column":23}},"238":{"start":{"line":1196,"column":0},"end":{"line":1196,"column":24}},"239":{"start":{"line":1205,"column":0},"end":{"line":1205,"column":27}},"240":{"start":{"line":1208,"column":0},"end":{"line":1208,"column":22}},"241":{"start":{"line":1232,"column":0},"end":{"line":1241,"column":1}},"242":{"start":{"line":1233,"column":4},"end":{"line":1234,"column":27}},"243":{"start":{"line":1236,"column":4},"end":{"line":1238,"column":5}},"244":{"start":{"line":1237,"column":8},"end":{"line":1237,"column":69}},"245":{"start":{"line":1240,"column":4},"end":{"line":1240,"column":28}},"246":{"start":{"line":1243,"column":0},"end":{"line":1247,"column":1}},"247":{"start":{"line":1244,"column":4},"end":{"line":1244,"column":45}},"248":{"start":{"line":1246,"column":4},"end":{"line":1246,"column":33}},"249":{"start":{"line":1249,"column":0},"end":{"line":1250,"column":49}},"250":{"start":{"line":1251,"column":0},"end":{"line":1251,"column":48}},"251":{"start":{"line":1252,"column":0},"end":{"line":1252,"column":38}},"252":{"start":{"line":1253,"column":0},"end":{"line":1253,"column":46}},"253":{"start":{"line":1254,"column":0},"end":{"line":1254,"column":32}},"254":{"start":{"line":1267,"column":0},"end":{"line":1269,"column":1}},"255":{"start":{"line":1268,"column":4},"end":{"line":1268,"column":60}},"256":{"start":{"line":1278,"column":0},"end":{"line":1280,"column":1}},"257":{"start":{"line":1279,"column":4},"end":{"line":1279,"column":76}},"258":{"start":{"line":1289,"column":0},"end":{"line":1291,"column":1}},"259":{"start":{"line":1290,"column":4},"end":{"line":1290,"column":43}},"260":{"start":{"line":1300,"column":0},"end":{"line":1303,"column":1}},"261":{"start":{"line":1301,"column":4},"end":{"line":1301,"column":27}},"262":{"start":{"line":1302,"column":4},"end":{"line":1302,"column":62}},"263":{"start":{"line":1312,"column":0},"end":{"line":1317,"column":1}},"264":{"start":{"line":1313,"column":4},"end":{"line":1315,"column":5}},"265":{"start":{"line":1314,"column":8},"end":{"line":1314,"column":51}},"266":{"start":{"line":1316,"column":4},"end":{"line":1316,"column":62}},"267":{"start":{"line":1326,"column":0},"end":{"line":1340,"column":1}},"268":{"start":{"line":1327,"column":4},"end":{"line":1337,"column":5}},"269":{"start":{"line":1328,"column":8},"end":{"line":1330,"column":9}},"270":{"start":{"line":1329,"column":12},"end":{"line":1329,"column":24}},"271":{"start":{"line":1332,"column":8},"end":{"line":1334,"column":9}},"272":{"start":{"line":1333,"column":12},"end":{"line":1333,"column":24}},"273":{"start":{"line":1336,"column":8},"end":{"line":1336,"column":20}},"274":{"start":{"line":1339,"column":4},"end":{"line":1339,"column":13}},"275":{"start":{"line":1349,"column":0},"end":{"line":1351,"column":1}},"276":{"start":{"line":1350,"column":4},"end":{"line":1350,"column":49}},"277":{"start":{"line":1362,"column":0},"end":{"line":1364,"column":1}},"278":{"start":{"line":1363,"column":4},"end":{"line":1363,"column":49}},"279":{"start":{"line":1376,"column":0},"end":{"line":1404,"column":1}},"280":{"start":{"line":1377,"column":4},"end":{"line":1383,"column":42}},"281":{"start":{"line":1385,"column":4},"end":{"line":1402,"column":5}},"282":{"start":{"line":1386,"column":8},"end":{"line":1386,"column":18}},"283":{"start":{"line":1388,"column":8},"end":{"line":1388,"column":30}},"284":{"start":{"line":1389,"column":8},"end":{"line":1389,"column":76}},"285":{"start":{"line":1390,"column":8},"end":{"line":1400,"column":9}},"286":{"start":{"line":1392,"column":12},"end":{"line":1392,"column":46}},"287":{"start":{"line":1393,"column":12},"end":{"line":1393,"column":18}},"288":{"start":{"line":1395,"column":12},"end":{"line":1395,"column":32}},"289":{"start":{"line":1396,"column":12},"end":{"line":1396,"column":18}},"290":{"start":{"line":1398,"column":12},"end":{"line":1398,"column":32}},"291":{"start":{"line":1399,"column":12},"end":{"line":1399,"column":18}},"292":{"start":{"line":1401,"column":8},"end":{"line":1401,"column":15}},"293":{"start":{"line":1403,"column":4},"end":{"line":1403,"column":27}}},"branchMap":{"1":{"line":48,"type":"binary-expr","locations":[{"start":{"line":48,"column":14},"end":{"line":48,"column":35}},{"start":{"line":48,"column":39},"end":{"line":50,"column":5}}]},"2":{"line":218,"type":"binary-expr","locations":[{"start":{"line":218,"column":24},"end":{"line":218,"column":46}},{"start":{"line":218,"column":50},"end":{"line":218,"column":58}}]},"3":{"line":220,"type":"if","locations":[{"start":{"line":220,"column":12},"end":{"line":220,"column":12}},{"start":{"line":220,"column":12},"end":{"line":220,"column":12}}]},"4":{"line":220,"type":"binary-expr","locations":[{"start":{"line":220,"column":17},"end":{"line":220,"column":21}},{"start":{"line":220,"column":25},"end":{"line":220,"column":51}}]},"5":{"line":223,"type":"if","locations":[{"start":{"line":223,"column":19},"end":{"line":223,"column":19}},{"start":{"line":223,"column":19},"end":{"line":223,"column":19}}]},"6":{"line":229,"type":"cond-expr","locations":[{"start":{"line":229,"column":43},"end":{"line":229,"column":54}},{"start":{"line":229,"column":57},"end":{"line":229,"column":62}}]},"7":{"line":377,"type":"if","locations":[{"start":{"line":377,"column":24},"end":{"line":377,"column":24}},{"start":{"line":377,"column":24},"end":{"line":377,"column":24}}]},"8":{"line":381,"type":"if","locations":[{"start":{"line":381,"column":24},"end":{"line":381,"column":24}},{"start":{"line":381,"column":24},"end":{"line":381,"column":24}}]},"9":{"line":385,"type":"if","locations":[{"start":{"line":385,"column":24},"end":{"line":385,"column":24}},{"start":{"line":385,"column":24},"end":{"line":385,"column":24}}]},"10":{"line":389,"type":"if","locations":[{"start":{"line":389,"column":24},"end":{"line":389,"column":24}},{"start":{"line":389,"column":24},"end":{"line":389,"column":24}}]},"11":{"line":393,"type":"if","locations":[{"start":{"line":393,"column":24},"end":{"line":393,"column":24}},{"start":{"line":393,"column":24},"end":{"line":393,"column":24}}]},"12":{"line":400,"type":"if","locations":[{"start":{"line":400,"column":16},"end":{"line":400,"column":16}},{"start":{"line":400,"column":16},"end":{"line":400,"column":16}}]},"13":{"line":406,"type":"if","locations":[{"start":{"line":406,"column":16},"end":{"line":406,"column":16}},{"start":{"line":406,"column":16},"end":{"line":406,"column":16}}]},"14":{"line":411,"type":"switch","locations":[{"start":{"line":412,"column":16},"end":{"line":414,"column":26}},{"start":{"line":415,"column":16},"end":{"line":417,"column":26}},{"start":{"line":418,"column":16},"end":{"line":420,"column":26}}]},"15":{"line":424,"type":"if","locations":[{"start":{"line":424,"column":16},"end":{"line":424,"column":16}},{"start":{"line":424,"column":16},"end":{"line":424,"column":16}}]},"16":{"line":427,"type":"cond-expr","locations":[{"start":{"line":427,"column":34},"end":{"line":427,"column":45}},{"start":{"line":427,"column":48},"end":{"line":427,"column":61}}]},"17":{"line":451,"type":"cond-expr","locations":[{"start":{"line":451,"column":39},"end":{"line":451,"column":69}},{"start":{"line":452,"column":39},"end":{"line":452,"column":61}}]},"18":{"line":453,"type":"cond-expr","locations":[{"start":{"line":453,"column":39},"end":{"line":453,"column":69}},{"start":{"line":454,"column":39},"end":{"line":454,"column":61}}]},"19":{"line":455,"type":"cond-expr","locations":[{"start":{"line":455,"column":39},"end":{"line":455,"column":69}},{"start":{"line":456,"column":39},"end":{"line":456,"column":61}}]},"20":{"line":457,"type":"cond-expr","locations":[{"start":{"line":457,"column":40},"end":{"line":457,"column":65}},{"start":{"line":458,"column":39},"end":{"line":458,"column":60}}]},"21":{"line":461,"type":"if","locations":[{"start":{"line":461,"column":16},"end":{"line":461,"column":16}},{"start":{"line":461,"column":16},"end":{"line":461,"column":16}}]},"22":{"line":520,"type":"if","locations":[{"start":{"line":520,"column":4},"end":{"line":520,"column":4}},{"start":{"line":520,"column":4},"end":{"line":520,"column":4}}]},"23":{"line":546,"type":"binary-expr","locations":[{"start":{"line":546,"column":13},"end":{"line":546,"column":36}},{"start":{"line":546,"column":40},"end":{"line":546,"column":46}}]},"24":{"line":549,"type":"if","locations":[{"start":{"line":549,"column":4},"end":{"line":549,"column":4}},{"start":{"line":549,"column":4},"end":{"line":549,"column":4}}]},"25":{"line":550,"type":"if","locations":[{"start":{"line":550,"column":8},"end":{"line":550,"column":8}},{"start":{"line":550,"column":8},"end":{"line":550,"column":8}}]},"26":{"line":561,"type":"if","locations":[{"start":{"line":561,"column":4},"end":{"line":561,"column":4}},{"start":{"line":561,"column":4},"end":{"line":561,"column":4}}]},"27":{"line":564,"type":"switch","locations":[{"start":{"line":565,"column":8},"end":{"line":569,"column":18}},{"start":{"line":570,"column":8},"end":{"line":575,"column":18}},{"start":{"line":576,"column":8},"end":{"line":578,"column":18}},{"start":{"line":579,"column":8},"end":{"line":580,"column":18}},{"start":{"line":581,"column":8},"end":{"line":583,"column":62}}]},"28":{"line":592,"type":"if","locations":[{"start":{"line":592,"column":8},"end":{"line":592,"column":8}},{"start":{"line":592,"column":8},"end":{"line":592,"column":8}}]},"29":{"line":623,"type":"if","locations":[{"start":{"line":623,"column":12},"end":{"line":623,"column":12}},{"start":{"line":623,"column":12},"end":{"line":623,"column":12}}]},"30":{"line":623,"type":"binary-expr","locations":[{"start":{"line":623,"column":17},"end":{"line":623,"column":34}},{"start":{"line":623,"column":38},"end":{"line":623,"column":48}},{"start":{"line":623,"column":52},"end":{"line":623,"column":64}}]},"31":{"line":628,"type":"if","locations":[{"start":{"line":628,"column":12},"end":{"line":628,"column":12}},{"start":{"line":628,"column":12},"end":{"line":628,"column":12}}]},"32":{"line":628,"type":"binary-expr","locations":[{"start":{"line":628,"column":17},"end":{"line":628,"column":34}},{"start":{"line":628,"column":38},"end":{"line":628,"column":48}},{"start":{"line":628,"column":52},"end":{"line":628,"column":64}}]},"33":{"line":633,"type":"if","locations":[{"start":{"line":633,"column":12},"end":{"line":633,"column":12}},{"start":{"line":633,"column":12},"end":{"line":633,"column":12}}]},"34":{"line":633,"type":"binary-expr","locations":[{"start":{"line":633,"column":17},"end":{"line":633,"column":34}},{"start":{"line":633,"column":38},"end":{"line":633,"column":48}},{"start":{"line":633,"column":52},"end":{"line":633,"column":64}}]},"35":{"line":638,"type":"if","locations":[{"start":{"line":638,"column":12},"end":{"line":638,"column":12}},{"start":{"line":638,"column":12},"end":{"line":638,"column":12}}]},"36":{"line":638,"type":"binary-expr","locations":[{"start":{"line":638,"column":17},"end":{"line":638,"column":34}},{"start":{"line":638,"column":38},"end":{"line":638,"column":48}},{"start":{"line":638,"column":52},"end":{"line":638,"column":62}}]},"37":{"line":647,"type":"if","locations":[{"start":{"line":647,"column":4},"end":{"line":647,"column":4}},{"start":{"line":647,"column":4},"end":{"line":647,"column":4}}]},"38":{"line":741,"type":"binary-expr","locations":[{"start":{"line":741,"column":15},"end":{"line":744,"column":9}},{"start":{"line":744,"column":13},"end":{"line":744,"column":15}}]},"39":{"line":742,"type":"cond-expr","locations":[{"start":{"line":742,"column":27},"end":{"line":742,"column":37}},{"start":{"line":743,"column":27},"end":{"line":743,"column":71}}]},"40":{"line":796,"type":"if","locations":[{"start":{"line":796,"column":8},"end":{"line":796,"column":8}},{"start":{"line":796,"column":8},"end":{"line":796,"column":8}}]},"41":{"line":797,"type":"switch","locations":[{"start":{"line":798,"column":12},"end":{"line":800,"column":22}},{"start":{"line":801,"column":12},"end":{"line":803,"column":22}},{"start":{"line":804,"column":12},"end":{"line":806,"column":22}},{"start":{"line":807,"column":12},"end":{"line":808,"column":58}}]},"42":{"line":811,"type":"if","locations":[{"start":{"line":811,"column":12},"end":{"line":811,"column":12}},{"start":{"line":811,"column":12},"end":{"line":811,"column":12}}]},"43":{"line":828,"type":"if","locations":[{"start":{"line":828,"column":8},"end":{"line":828,"column":8}},{"start":{"line":828,"column":8},"end":{"line":828,"column":8}}]},"44":{"line":854,"type":"if","locations":[{"start":{"line":854,"column":8},"end":{"line":854,"column":8}},{"start":{"line":854,"column":8},"end":{"line":854,"column":8}}]},"45":{"line":858,"type":"if","locations":[{"start":{"line":858,"column":8},"end":{"line":858,"column":8}},{"start":{"line":858,"column":8},"end":{"line":858,"column":8}}]},"46":{"line":935,"type":"if","locations":[{"start":{"line":935,"column":8},"end":{"line":935,"column":8}},{"start":{"line":935,"column":8},"end":{"line":935,"column":8}}]},"47":{"line":939,"type":"if","locations":[{"start":{"line":939,"column":8},"end":{"line":939,"column":8}},{"start":{"line":939,"column":8},"end":{"line":939,"column":8}}]},"48":{"line":961,"type":"if","locations":[{"start":{"line":961,"column":8},"end":{"line":961,"column":8}},{"start":{"line":961,"column":8},"end":{"line":961,"column":8}}]},"49":{"line":967,"type":"if","locations":[{"start":{"line":967,"column":8},"end":{"line":967,"column":8}},{"start":{"line":967,"column":8},"end":{"line":967,"column":8}}]},"50":{"line":973,"type":"if","locations":[{"start":{"line":973,"column":8},"end":{"line":973,"column":8}},{"start":{"line":973,"column":8},"end":{"line":973,"column":8}}]},"51":{"line":1012,"type":"if","locations":[{"start":{"line":1012,"column":4},"end":{"line":1012,"column":4}},{"start":{"line":1012,"column":4},"end":{"line":1012,"column":4}}]},"52":{"line":1108,"type":"cond-expr","locations":[{"start":{"line":1108,"column":30},"end":{"line":1108,"column":36}},{"start":{"line":1108,"column":39},"end":{"line":1108,"column":47}}]},"53":{"line":1124,"type":"if","locations":[{"start":{"line":1124,"column":4},"end":{"line":1124,"column":4}},{"start":{"line":1124,"column":4},"end":{"line":1124,"column":4}}]},"54":{"line":1128,"type":"if","locations":[{"start":{"line":1128,"column":4},"end":{"line":1128,"column":4}},{"start":{"line":1128,"column":4},"end":{"line":1128,"column":4}}]},"55":{"line":1132,"type":"if","locations":[{"start":{"line":1132,"column":4},"end":{"line":1132,"column":4}},{"start":{"line":1132,"column":4},"end":{"line":1132,"column":4}}]},"56":{"line":1236,"type":"if","locations":[{"start":{"line":1236,"column":4},"end":{"line":1236,"column":4}},{"start":{"line":1236,"column":4},"end":{"line":1236,"column":4}}]},"57":{"line":1243,"type":"if","locations":[{"start":{"line":1243,"column":0},"end":{"line":1243,"column":0}},{"start":{"line":1243,"column":0},"end":{"line":1243,"column":0}}]},"58":{"line":1249,"type":"cond-expr","locations":[{"start":{"line":1250,"column":4},"end":{"line":1250,"column":34}},{"start":{"line":1250,"column":37},"end":{"line":1250,"column":48}}]},"59":{"line":1279,"type":"binary-expr","locations":[{"start":{"line":1279,"column":11},"end":{"line":1279,"column":59}},{"start":{"line":1279,"column":63},"end":{"line":1279,"column":75}}]},"60":{"line":1290,"type":"binary-expr","locations":[{"start":{"line":1290,"column":14},"end":{"line":1290,"column":18}},{"start":{"line":1290,"column":22},"end":{"line":1290,"column":41}}]},"61":{"line":1302,"type":"binary-expr","locations":[{"start":{"line":1302,"column":11},"end":{"line":1302,"column":30}},{"start":{"line":1302,"column":34},"end":{"line":1302,"column":51}},{"start":{"line":1302,"column":55},"end":{"line":1302,"column":61}}]},"62":{"line":1313,"type":"if","locations":[{"start":{"line":1313,"column":4},"end":{"line":1313,"column":4}},{"start":{"line":1313,"column":4},"end":{"line":1313,"column":4}}]},"63":{"line":1313,"type":"binary-expr","locations":[{"start":{"line":1313,"column":9},"end":{"line":1313,"column":34}},{"start":{"line":1313,"column":38},"end":{"line":1313,"column":67}}]},"64":{"line":1314,"type":"binary-expr","locations":[{"start":{"line":1314,"column":15},"end":{"line":1314,"column":41}},{"start":{"line":1314,"column":45},"end":{"line":1314,"column":50}}]},"65":{"line":1327,"type":"if","locations":[{"start":{"line":1327,"column":4},"end":{"line":1327,"column":4}},{"start":{"line":1327,"column":4},"end":{"line":1327,"column":4}}]},"66":{"line":1350,"type":"cond-expr","locations":[{"start":{"line":1350,"column":31},"end":{"line":1350,"column":41}},{"start":{"line":1350,"column":44},"end":{"line":1350,"column":48}}]},"67":{"line":1385,"type":"if","locations":[{"start":{"line":1385,"column":4},"end":{"line":1385,"column":4}},{"start":{"line":1385,"column":4},"end":{"line":1385,"column":4}}]},"68":{"line":1389,"type":"cond-expr","locations":[{"start":{"line":1389,"column":22},"end":{"line":1389,"column":49}},{"start":{"line":1389,"column":52},"end":{"line":1389,"column":75}}]},"69":{"line":1390,"type":"switch","locations":[{"start":{"line":1391,"column":8},"end":{"line":1393,"column":18}},{"start":{"line":1394,"column":8},"end":{"line":1396,"column":18}},{"start":{"line":1397,"column":8},"end":{"line":1399,"column":18}}]},"70":{"line":1392,"type":"cond-expr","locations":[{"start":{"line":1392,"column":39},"end":{"line":1392,"column":40}},{"start":{"line":1392,"column":43},"end":{"line":1392,"column":44}}]}}}}