TN:
SF:index.js
FN:48,(anonymous_0)
FN:216,(anonymous_1)
FN:370,(anonymous_2)
FN:375,(anonymous_3)
FN:448,(anonymous_4)
FN:472,(anonymous_5)
FN:516,Color
FN:658,(anonymous_7)
FN:669,(anonymous_8)
FN:682,(anonymous_9)
FN:693,(anonymous_10)
FN:707,(anonymous_11)
FN:722,(anonymous_12)
FN:738,(anonymous_13)
FN:751,(anonymous_14)
FN:764,(anonymous_15)
FN:792,(anonymous_16)
FN:825,(anonymous_17)
FN:839,(anonymous_18)
FN:850,(anonymous_19)
FN:870,(anonymous_20)
FN:879,(anonymous_21)
FN:888,(anonymous_22)
FN:897,(anonymous_23)
FN:906,(anonymous_24)
FN:916,(anonymous_25)
FN:930,(anonymous_26)
FN:954,(anonymous_27)
FN:1008,(anonymous_28)
FN:1120,(anonymous_29)
FN:1231,ColorError
FN:1266,isString
FN:1277,isNumber
FN:1288,isElement
FN:1299,isObject
FN:1311,isFunction
FN:1325,to360Degrees
FN:1348,zeroPad2
FN:1361,toFixed
FN:1375,rgb2hsl
FNF:40
FNH:36
FNDA:0,(anonymous_0)
FNDA:0,(anonymous_1)
FNDA:25,(anonymous_2)
FNDA:63,(anonymous_3)
FNDA:17,(anonymous_4)
FNDA:36,(anonymous_5)
FNDA:101,Color
FNDA:4,(anonymous_7)
FNDA:49,(anonymous_8)
FNDA:9,(anonymous_9)
FNDA:53,(anonymous_10)
FNDA:47,(anonymous_11)
FNDA:45,(anonymous_12)
FNDA:43,(anonymous_13)
FNDA:125,(anonymous_14)
FNDA:45,(anonymous_15)
FNDA:10,(anonymous_16)
FNDA:2,(anonymous_17)
FNDA:7,(anonymous_18)
FNDA:5,(anonymous_19)
FNDA:1,(anonymous_20)
FNDA:1,(anonymous_21)
FNDA:1,(anonymous_22)
FNDA:1,(anonymous_23)
FNDA:34,(anonymous_24)
FNDA:2,(anonymous_25)
FNDA:2,(anonymous_26)
FNDA:2,(anonymous_27)
FNDA:0,(anonymous_28)
FNDA:3,(anonymous_29)
FNDA:10,ColorError
FNDA:22,isString
FNDA:333,isNumber
FNDA:1,isElement
FNDA:0,isObject
FNDA:91,isFunction
FNDA:25,to360Degrees
FNDA:420,zeroPad2
FNDA:689,toFixed
FNDA:92,rgb2hsl
DA:43,1
DA:44,1
DA:45,1
DA:46,1
DA:47,1
DA:48,1
DA:49,0
DA:51,1
DA:196,1
DA:218,0
DA:220,0
DA:221,0
DA:222,0
DA:223,0
DA:225,0
DA:228,0
DA:362,1
DA:372,25
DA:373,25
DA:374,25
DA:375,25
DA:376,63
DA:377,6
DA:380,63
DA:381,12
DA:384,63
DA:385,19
DA:388,44
DA:389,21
DA:392,23
DA:393,2
DA:396,21
DA:399,25
DA:400,3
DA:402,22
DA:405,25
DA:406,13
DA:410,25
DA:412,4
DA:413,4
DA:415,2
DA:416,2
DA:418,2
DA:419,2
DA:421,25
DA:423,25
DA:424,4
DA:426,21
DA:427,21
DA:428,21
DA:429,21
DA:430,21
DA:432,25
DA:449,17
DA:460,17
DA:461,9
DA:464,17
DA:473,36
DA:517,101
DA:519,101
DA:520,19
DA:530,82
DA:539,82
DA:542,82
DA:545,82
DA:548,82
DA:549,1
DA:550,0
DA:552,1
DA:553,1
DA:560,81
DA:562,24
DA:563,24
DA:565,8
DA:568,8
DA:570,2
DA:574,2
DA:576,7
DA:577,7
DA:579,6
DA:581,1
DA:582,1
DA:587,80
DA:588,151
DA:589,151
DA:591,151
DA:592,78
DA:599,78
DA:606,78
DA:613,78
DA:620,78
DA:622,78
DA:623,1
DA:624,1
DA:627,77
DA:628,1
DA:629,1
DA:632,76
DA:633,1
DA:634,1
DA:637,75
DA:638,1
DA:639,1
DA:642,74
DA:646,76
DA:647,2
DA:648,2
DA:652,1
DA:659,4
DA:660,4
DA:670,49
DA:671,49
DA:683,9
DA:684,9
DA:694,53
DA:695,53
DA:708,47
DA:709,47
DA:711,47
DA:723,45
DA:724,45
DA:725,45
DA:739,43
DA:740,43
DA:752,125
DA:754,125
DA:765,45
DA:766,45
DA:768,45
DA:793,10
DA:795,10
DA:796,9
DA:798,1
DA:799,1
DA:801,1
DA:802,1
DA:804,1
DA:805,1
DA:807,6
DA:810,9
DA:811,9
DA:815,1
DA:826,2
DA:827,2
DA:828,2
DA:830,2
DA:840,7
DA:851,5
DA:853,5
DA:854,2
DA:857,5
DA:858,4
DA:861,1
DA:871,1
DA:880,1
DA:889,1
DA:898,1
DA:907,34
DA:917,2
DA:918,2
DA:931,2
DA:932,2
DA:934,2
DA:935,1
DA:938,2
DA:939,1
DA:944,1
DA:955,2
DA:956,2
DA:957,2
DA:958,2
DA:960,2
DA:961,1
DA:963,1
DA:966,2
DA:967,1
DA:969,1
DA:972,2
DA:973,1
DA:975,1
DA:978,2
DA:981,1
DA:1008,1
DA:1011,0
DA:1012,0
DA:1013,0
DA:1014,0
DA:1015,0
DA:1018,0
DA:1019,0
DA:1020,0
DA:1022,0
DA:1026,0
DA:1027,0
DA:1028,0
DA:1029,0
DA:1031,0
DA:1033,0
DA:1036,0
DA:1037,0
DA:1038,0
DA:1040,0
DA:1044,0
DA:1045,0
DA:1046,0
DA:1047,0
DA:1049,0
DA:1051,0
DA:1054,0
DA:1055,0
DA:1056,0
DA:1058,0
DA:1062,0
DA:1063,0
DA:1064,0
DA:1065,0
DA:1067,0
DA:1068,0
DA:1069,0
DA:1071,0
DA:1074,0
DA:1077,0
DA:1078,0
DA:1079,0
DA:1082,0
DA:1083,0
DA:1084,0
DA:1087,0
DA:1088,0
DA:1089,0
DA:1092,0
DA:1093,0
DA:1094,0
DA:1097,0
DA:1105,0
DA:1107,0
DA:1120,1
DA:1121,3
DA:1123,3
DA:1124,1
DA:1127,2
DA:1128,1
DA:1131,2
DA:1132,1
DA:1135,1
DA:1136,1
DA:1137,1
DA:1139,1
DA:1149,1
DA:1158,1
DA:1167,1
DA:1176,1
DA:1186,1
DA:1195,1
DA:1204,1
DA:1207,1
DA:1232,10
DA:1233,10
DA:1235,10
DA:1236,10
DA:1239,10
DA:1242,1
DA:1243,1
DA:1245,0
DA:1248,1
DA:1250,1
DA:1251,1
DA:1252,1
DA:1253,1
DA:1267,22
DA:1278,333
DA:1289,1
DA:1300,0
DA:1301,0
DA:1312,91
DA:1313,91
DA:1315,0
DA:1326,25
DA:1327,25
DA:1328,3
DA:1331,25
DA:1332,2
DA:1335,25
DA:1338,0
DA:1349,420
DA:1362,689
DA:1377,92
DA:1378,92
DA:1379,92
DA:1380,92
DA:1381,92
DA:1382,92
DA:1384,92
DA:1385,1
DA:1387,91
DA:1388,91
DA:1389,91
DA:1391,52
DA:1392,52
DA:1394,1
DA:1395,1
DA:1397,38
DA:1398,38
DA:1400,91
DA:1402,92
LF:305
LH:238
BRDA:48,0,0,1
BRDA:48,0,1,0
BRDA:218,1,0,0
BRDA:218,1,1,0
BRDA:220,2,0,0
BRDA:220,2,1,0
BRDA:220,3,0,0
BRDA:220,3,1,0
BRDA:222,4,0,0
BRDA:222,4,1,0
BRDA:228,5,0,0
BRDA:228,5,1,0
BRDA:376,6,0,6
BRDA:376,6,1,57
BRDA:380,7,0,12
BRDA:380,7,1,51
BRDA:384,8,0,19
BRDA:384,8,1,44
BRDA:388,9,0,21
BRDA:388,9,1,23
BRDA:392,10,0,2
BRDA:392,10,1,21
BRDA:399,11,0,3
BRDA:399,11,1,22
BRDA:405,12,0,13
BRDA:405,12,1,12
BRDA:410,13,0,4
BRDA:410,13,1,2
BRDA:410,13,2,2
BRDA:423,14,0,4
BRDA:423,14,1,21
BRDA:426,15,0,12
BRDA:426,15,1,9
BRDA:450,16,0,11
BRDA:450,16,1,6
BRDA:452,17,0,11
BRDA:452,17,1,6
BRDA:454,18,0,11
BRDA:454,18,1,6
BRDA:456,19,0,3
BRDA:456,19,1,14
BRDA:460,20,0,9
BRDA:460,20,1,8
BRDA:519,21,0,19
BRDA:519,21,1,82
BRDA:545,22,0,82
BRDA:545,22,1,66
BRDA:548,23,0,1
BRDA:548,23,1,81
BRDA:549,24,0,0
BRDA:549,24,1,1
BRDA:560,25,0,24
BRDA:560,25,1,57
BRDA:563,26,0,8
BRDA:563,26,1,2
BRDA:563,26,2,7
BRDA:563,26,3,6
BRDA:563,26,4,1
BRDA:591,27,0,78
BRDA:591,27,1,73
BRDA:622,28,0,1
BRDA:622,28,1,77
BRDA:622,29,0,78
BRDA:622,29,1,78
BRDA:622,29,2,78
BRDA:627,30,0,1
BRDA:627,30,1,76
BRDA:627,31,0,77
BRDA:627,31,1,77
BRDA:627,31,2,77
BRDA:632,32,0,1
BRDA:632,32,1,75
BRDA:632,33,0,76
BRDA:632,33,1,76
BRDA:632,33,2,76
BRDA:637,34,0,1
BRDA:637,34,1,74
BRDA:637,35,0,75
BRDA:637,35,1,75
BRDA:637,35,2,75
BRDA:646,36,0,2
BRDA:646,36,1,74
BRDA:740,37,0,43
BRDA:740,37,1,0
BRDA:741,38,0,9
BRDA:741,38,1,34
BRDA:795,39,0,9
BRDA:795,39,1,1
BRDA:796,40,0,1
BRDA:796,40,1,1
BRDA:796,40,2,1
BRDA:796,40,3,6
BRDA:810,41,0,9
BRDA:810,41,1,0
BRDA:827,42,0,2
BRDA:827,42,1,0
BRDA:853,43,0,2
BRDA:853,43,1,3
BRDA:857,44,0,4
BRDA:857,44,1,1
BRDA:934,45,0,1
BRDA:934,45,1,1
BRDA:938,46,0,1
BRDA:938,46,1,1
BRDA:960,47,0,1
BRDA:960,47,1,1
BRDA:966,48,0,1
BRDA:966,48,1,1
BRDA:972,49,0,1
BRDA:972,49,1,1
BRDA:1011,50,0,0
BRDA:1011,50,1,0
BRDA:1107,51,0,0
BRDA:1107,51,1,0
BRDA:1123,52,0,1
BRDA:1123,52,1,2
BRDA:1127,53,0,1
BRDA:1127,53,1,1
BRDA:1131,54,0,1
BRDA:1131,54,1,1
BRDA:1235,55,0,10
BRDA:1235,55,1,0
BRDA:1242,56,0,1
BRDA:1242,56,1,0
BRDA:1248,57,0,1
BRDA:1248,57,1,0
BRDA:1278,58,0,333
BRDA:1278,58,1,333
BRDA:1289,59,0,1
BRDA:1289,59,1,0
BRDA:1301,60,0,0
BRDA:1301,60,1,0
BRDA:1301,60,2,0
BRDA:1312,61,0,91
BRDA:1312,61,1,0
BRDA:1312,62,0,91
BRDA:1312,62,1,91
BRDA:1313,63,0,91
BRDA:1313,63,1,81
BRDA:1326,64,0,25
BRDA:1326,64,1,0
BRDA:1349,65,0,70
BRDA:1349,65,1,350
BRDA:1384,66,0,1
BRDA:1384,66,1,91
BRDA:1388,67,0,19
BRDA:1388,67,1,72
BRDA:1389,68,0,52
BRDA:1389,68,1,1
BRDA:1389,68,2,38
BRDA:1391,69,0,0
BRDA:1391,69,1,52
BRF:152
BRH:123
end_of_record
