TN:
SF:/home/mortz/Workspace/ColorInterpreter/index.js
FN:48,(anonymous_1)
FN:216,(anonymous_2)
FN:371,(anonymous_3)
FN:376,(anonymous_4)
FN:449,(anonymous_5)
FN:473,(anonymous_6)
FN:517,Color
FN:659,(anonymous_8)
FN:670,(anonymous_9)
FN:683,(anonymous_10)
FN:694,(anonymous_11)
FN:708,(anonymous_12)
FN:723,(anonymous_13)
FN:739,(anonymous_14)
FN:752,(anonymous_15)
FN:765,(anonymous_16)
FN:793,(anonymous_17)
FN:826,(anonymous_18)
FN:840,(anonymous_19)
FN:851,(anonymous_20)
FN:871,(anonymous_21)
FN:880,(anonymous_22)
FN:889,(anonymous_23)
FN:898,(anonymous_24)
FN:907,(anonymous_25)
FN:917,(anonymous_26)
FN:931,(anonymous_27)
FN:955,(anonymous_28)
FN:1009,(anonymous_29)
FN:1121,(anonymous_30)
FN:1232,ColorError
FN:1267,isString
FN:1278,isNumber
FN:1289,isElement
FN:1300,isObject
FN:1312,isFunction
FN:1326,to360Degrees
FN:1349,zeroPad2
FN:1362,toFixed
FN:1376,rgb2hsl
FNF:40
FNH:36
FNDA:0,(anonymous_1)
FNDA:0,(anonymous_2)
FNDA:25,(anonymous_3)
FNDA:63,(anonymous_4)
FNDA:17,(anonymous_5)
FNDA:36,(anonymous_6)
FNDA:101,Color
FNDA:4,(anonymous_8)
FNDA:49,(anonymous_9)
FNDA:9,(anonymous_10)
FNDA:53,(anonymous_11)
FNDA:47,(anonymous_12)
FNDA:45,(anonymous_13)
FNDA:43,(anonymous_14)
FNDA:125,(anonymous_15)
FNDA:45,(anonymous_16)
FNDA:10,(anonymous_17)
FNDA:2,(anonymous_18)
FNDA:7,(anonymous_19)
FNDA:5,(anonymous_20)
FNDA:1,(anonymous_21)
FNDA:1,(anonymous_22)
FNDA:1,(anonymous_23)
FNDA:1,(anonymous_24)
FNDA:34,(anonymous_25)
FNDA:2,(anonymous_26)
FNDA:2,(anonymous_27)
FNDA:2,(anonymous_28)
FNDA:0,(anonymous_29)
FNDA:3,(anonymous_30)
FNDA:10,ColorError
FNDA:22,isString
FNDA:333,isNumber
FNDA:1,isElement
FNDA:0,isObject
FNDA:91,isFunction
FNDA:25,to360Degrees
FNDA:420,zeroPad2
FNDA:689,toFixed
FNDA:92,rgb2hsl
DA:42,1
DA:49,0
DA:217,0
DA:220,0
DA:221,0
DA:223,0
DA:224,0
DA:226,0
DA:229,0
DA:372,25
DA:377,63
DA:378,6
DA:381,63
DA:382,12
DA:385,63
DA:386,19
DA:389,44
DA:390,21
DA:393,23
DA:394,2
DA:397,21
DA:400,25
DA:401,3
DA:403,22
DA:406,25
DA:407,13
DA:411,25
DA:413,4
DA:414,4
DA:416,2
DA:417,2
DA:419,2
DA:420,2
DA:422,25
DA:424,25
DA:425,4
DA:427,21
DA:428,21
DA:429,21
DA:430,21
DA:431,21
DA:433,25
DA:450,17
DA:461,17
DA:462,9
DA:465,17
DA:474,36
DA:517,1
DA:518,101
DA:520,101
DA:521,19
DA:531,82
DA:540,82
DA:543,82
DA:546,82
DA:549,82
DA:550,1
DA:551,0
DA:553,1
DA:554,1
DA:561,81
DA:563,24
DA:564,24
DA:566,8
DA:569,8
DA:571,2
DA:575,2
DA:577,7
DA:578,7
DA:580,6
DA:582,1
DA:583,1
DA:588,80
DA:589,151
DA:590,151
DA:592,151
DA:593,78
DA:600,78
DA:607,78
DA:614,78
DA:621,78
DA:623,78
DA:624,1
DA:625,1
DA:628,77
DA:629,1
DA:630,1
DA:633,76
DA:634,1
DA:635,1
DA:638,75
DA:639,1
DA:640,1
DA:643,74
DA:647,76
DA:648,2
DA:649,2
DA:653,1
DA:660,4
DA:661,4
DA:671,49
DA:672,49
DA:684,9
DA:685,9
DA:695,53
DA:696,53
DA:709,47
DA:712,47
DA:724,45
DA:726,45
DA:740,43
DA:741,43
DA:753,125
DA:755,125
DA:766,45
DA:769,45
DA:794,10
DA:796,10
DA:797,9
DA:799,1
DA:800,1
DA:802,1
DA:803,1
DA:805,1
DA:806,1
DA:808,6
DA:811,9
DA:812,9
DA:816,1
DA:827,2
DA:828,2
DA:829,2
DA:831,2
DA:841,7
DA:852,5
DA:854,5
DA:855,2
DA:858,5
DA:859,4
DA:862,1
DA:872,1
DA:881,1
DA:890,1
DA:899,1
DA:908,34
DA:918,2
DA:919,2
DA:932,2
DA:935,2
DA:936,1
DA:939,2
DA:940,1
DA:945,1
DA:956,2
DA:961,2
DA:962,1
DA:964,1
DA:967,2
DA:968,1
DA:970,1
DA:973,2
DA:974,1
DA:976,1
DA:979,2
DA:982,1
DA:1009,1
DA:1010,0
DA:1012,0
DA:1013,0
DA:1014,0
DA:1015,0
DA:1016,0
DA:1019,0
DA:1020,0
DA:1021,0
DA:1023,0
DA:1027,0
DA:1028,0
DA:1029,0
DA:1030,0
DA:1032,0
DA:1034,0
DA:1037,0
DA:1038,0
DA:1039,0
DA:1041,0
DA:1045,0
DA:1046,0
DA:1047,0
DA:1048,0
DA:1050,0
DA:1052,0
DA:1055,0
DA:1056,0
DA:1057,0
DA:1059,0
DA:1063,0
DA:1064,0
DA:1065,0
DA:1066,0
DA:1068,0
DA:1069,0
DA:1070,0
DA:1072,0
DA:1075,0
DA:1078,0
DA:1079,0
DA:1080,0
DA:1083,0
DA:1084,0
DA:1085,0
DA:1088,0
DA:1089,0
DA:1090,0
DA:1093,0
DA:1094,0
DA:1095,0
DA:1098,0
DA:1106,0
DA:1108,0
DA:1121,1
DA:1122,3
DA:1124,3
DA:1125,1
DA:1128,2
DA:1129,1
DA:1132,2
DA:1133,1
DA:1136,1
DA:1137,1
DA:1138,1
DA:1140,1
DA:1150,1
DA:1159,1
DA:1168,1
DA:1177,1
DA:1187,1
DA:1196,1
DA:1205,1
DA:1208,1
DA:1232,1
DA:1233,10
DA:1236,10
DA:1237,10
DA:1240,10
DA:1243,1
DA:1244,1
DA:1246,0
DA:1249,1
DA:1251,1
DA:1252,1
DA:1253,1
DA:1254,1
DA:1267,1
DA:1268,22
DA:1278,1
DA:1279,333
DA:1289,1
DA:1290,1
DA:1300,1
DA:1301,0
DA:1302,0
DA:1312,1
DA:1313,91
DA:1314,91
DA:1316,0
DA:1326,1
DA:1327,25
DA:1328,25
DA:1329,3
DA:1332,25
DA:1333,2
DA:1336,25
DA:1339,0
DA:1349,1
DA:1350,420
DA:1362,1
DA:1363,689
DA:1376,1
DA:1377,92
DA:1385,92
DA:1386,1
DA:1388,91
DA:1389,91
DA:1390,91
DA:1392,52
DA:1393,52
DA:1395,1
DA:1396,1
DA:1398,38
DA:1399,38
DA:1401,91
DA:1403,92
LF:293
LH:225
BRDA:48,1,0,1
BRDA:48,1,1,0
BRDA:218,2,0,0
BRDA:218,2,1,0
BRDA:220,3,0,0
BRDA:220,3,1,0
BRDA:220,4,0,0
BRDA:220,4,1,0
BRDA:223,5,0,0
BRDA:223,5,1,0
BRDA:229,6,0,0
BRDA:229,6,1,0
BRDA:377,7,0,6
BRDA:377,7,1,57
BRDA:381,8,0,12
BRDA:381,8,1,51
BRDA:385,9,0,19
BRDA:385,9,1,44
BRDA:389,10,0,21
BRDA:389,10,1,23
BRDA:393,11,0,2
BRDA:393,11,1,21
BRDA:400,12,0,3
BRDA:400,12,1,22
BRDA:406,13,0,13
BRDA:406,13,1,12
BRDA:411,14,0,4
BRDA:411,14,1,2
BRDA:411,14,2,2
BRDA:424,15,0,4
BRDA:424,15,1,21
BRDA:427,16,0,12
BRDA:427,16,1,9
BRDA:451,17,0,11
BRDA:451,17,1,6
BRDA:453,18,0,11
BRDA:453,18,1,6
BRDA:455,19,0,11
BRDA:455,19,1,6
BRDA:457,20,0,3
BRDA:457,20,1,14
BRDA:461,21,0,9
BRDA:461,21,1,8
BRDA:520,22,0,19
BRDA:520,22,1,82
BRDA:546,23,0,82
BRDA:546,23,1,66
BRDA:549,24,0,1
BRDA:549,24,1,81
BRDA:550,25,0,0
BRDA:550,25,1,1
BRDA:561,26,0,24
BRDA:561,26,1,57
BRDA:564,27,0,8
BRDA:564,27,1,2
BRDA:564,27,2,7
BRDA:564,27,3,6
BRDA:564,27,4,1
BRDA:592,28,0,78
BRDA:592,28,1,73
BRDA:623,29,0,1
BRDA:623,29,1,77
BRDA:623,30,0,78
BRDA:623,30,1,78
BRDA:623,30,2,78
BRDA:628,31,0,1
BRDA:628,31,1,76
BRDA:628,32,0,77
BRDA:628,32,1,77
BRDA:628,32,2,77
BRDA:633,33,0,1
BRDA:633,33,1,75
BRDA:633,34,0,76
BRDA:633,34,1,76
BRDA:633,34,2,76
BRDA:638,35,0,1
BRDA:638,35,1,74
BRDA:638,36,0,75
BRDA:638,36,1,75
BRDA:638,36,2,75
BRDA:647,37,0,2
BRDA:647,37,1,74
BRDA:741,38,0,43
BRDA:741,38,1,0
BRDA:742,39,0,9
BRDA:742,39,1,34
BRDA:796,40,0,9
BRDA:796,40,1,1
BRDA:797,41,0,1
BRDA:797,41,1,1
BRDA:797,41,2,1
BRDA:797,41,3,6
BRDA:811,42,0,9
BRDA:811,42,1,0
BRDA:828,43,0,2
BRDA:828,43,1,0
BRDA:854,44,0,2
BRDA:854,44,1,3
BRDA:858,45,0,4
BRDA:858,45,1,1
BRDA:935,46,0,1
BRDA:935,46,1,1
BRDA:939,47,0,1
BRDA:939,47,1,1
BRDA:961,48,0,1
BRDA:961,48,1,1
BRDA:967,49,0,1
BRDA:967,49,1,1
BRDA:973,50,0,1
BRDA:973,50,1,1
BRDA:1012,51,0,0
BRDA:1012,51,1,0
BRDA:1108,52,0,0
BRDA:1108,52,1,0
BRDA:1124,53,0,1
BRDA:1124,53,1,2
BRDA:1128,54,0,1
BRDA:1128,54,1,1
BRDA:1132,55,0,1
BRDA:1132,55,1,1
BRDA:1236,56,0,10
BRDA:1236,56,1,0
BRDA:1243,57,0,1
BRDA:1243,57,1,0
BRDA:1249,58,0,1
BRDA:1249,58,1,0
BRDA:1279,59,0,333
BRDA:1279,59,1,333
BRDA:1290,60,0,1
BRDA:1290,60,1,0
BRDA:1302,61,0,0
BRDA:1302,61,1,0
BRDA:1302,61,2,0
BRDA:1313,62,0,91
BRDA:1313,62,1,0
BRDA:1313,63,0,91
BRDA:1313,63,1,91
BRDA:1314,64,0,91
BRDA:1314,64,1,81
BRDA:1327,65,0,25
BRDA:1327,65,1,0
BRDA:1350,66,0,70
BRDA:1350,66,1,350
BRDA:1385,67,0,1
BRDA:1385,67,1,91
BRDA:1389,68,0,19
BRDA:1389,68,1,72
BRDA:1390,69,0,52
BRDA:1390,69,1,1
BRDA:1390,69,2,38
BRDA:1392,70,0,0
BRDA:1392,70,1,52
BRF:152
BRH:123
end_of_record
